<?xml version="1.0" encoding="UTF-8" standalone="yes"?>
<testsuites name="SMARTINDONASIA_API_SmokeTest" time="8" tests="1" failures="0" errors="1">
    <testsuite name="SMARTINDONASIA_API_SmokeTest" tests="1" failures="0" errors="1" time="8" timestamp="2019-09-23 16:56:13" hostname="Rajesh.Veeranna - VSPLBLRLT0060.visionetsystems.com" id="Test Suites/SMARTINDONASIA_API_SmokeTest">
        <properties>
            <property name="deviceName" value=""/>
            <property name="devicePlatform" value=""/>
            <property name="logFolder" value="C:\\Users\\rajesh.veeranna\\Katalon Studio\\SmartIndonasia\\Reports\\20190923_165610\\SMARTINDONASIA_API_SmokeTest\\20190923_165610"/>
            <property name="logFiles" value="C:\\Users\\rajesh.veeranna\\Katalon Studio\\SmartIndonasia\\Reports\\20190923_165610\\SMARTINDONASIA_API_SmokeTest\\20190923_165610\\execution0.log"/>
            <property name="attachments" value=""/>
            <property name="hostName" value="Rajesh.Veeranna - VSPLBLRLT0060.visionetsystems.com"/>
            <property name="hostAddress" value="10.130.3.183"/>
            <property name="os" value="Windows 7 64bit"/>
            <property name="katalonVersion" value="6.3.3.11"/>
        </properties>
        <testcase name="Test Cases/a.ValidateMobileNumber_Test" classname="Test Cases/a.ValidateMobileNumber_Test" status="PASSED">
            <system-out>2019-09-23 16:56:13 - [TEST_CASE][PASSED] - Test Cases/a.ValidateMobileNumber_Test: Test Cases/a.ValidateMobileNumber_Test&#xD;
&#xD;
2019-09-23 16:56:13 - [TEST_STEP][PASSED] - sendRequest(findTestObject("aValidate Mobile Number", ["protocal":Endpoint])): Send request successfully&#xD;
&#xD;
2019-09-23 16:56:15 - [MESSAGE][INFO] - HAR: C:\Users\rajesh.veeranna\Katalon Studio\SmartIndonasia\Reports\20190923_165610\SMARTINDONASIA_API_SmokeTest\20190923_165610\requests\main\0.har&#xD;
&#xD;
2019-09-23 16:56:15 - [MESSAGE][PASSED] - Send request successfully&#xD;
&#xD;
2019-09-23 16:56:15 - [TEST_STEP][PASSED] - response = sendRequestAndVerify(findTestObject("aValidate Mobile Number", ["protocal":Endpoint])): Send request and verify the response successfully&#xD;
&#xD;
2019-09-23 16:56:16 - [MESSAGE][INFO] - HAR: C:\Users\rajesh.veeranna\Katalon Studio\SmartIndonasia\Reports\20190923_165610\SMARTINDONASIA_API_SmokeTest\20190923_165610\requests\main\1.har&#xD;
&#xD;
2019-09-23 16:56:16 - [TEST_CASE][PASSED] - Start Test Case : Verification: Verification accomplished successfully&#xD;
&#xD;
2019-09-23 16:56:17 - [TEST_STEP][PASSED] - request = getInstance().getCurrentRequest(): null&#xD;
&#xD;
2019-09-23 16:56:17 - [TEST_STEP][PASSED] - response = getInstance().getCurrentResponse(): null&#xD;
&#xD;
2019-09-23 16:56:17 - [TEST_STEP][PASSED] - verifyResponseStatusCode(response, 200): Verify response status code successfully&#xD;
&#xD;
2019-09-23 16:56:17 - [MESSAGE][PASSED] - Verify response status code successfully&#xD;
&#xD;
2019-09-23 16:56:17 - [TEST_STEP][PASSED] - getStatusCode()).isEqualTo(200): null&#xD;
&#xD;
2019-09-23 16:56:17 - [MESSAGE][PASSED] - Verify response successfully&#xD;
&#xD;
2019-09-23 16:56:17 - [MESSAGE][PASSED] - Send request and verify the response successfully&#xD;
&#xD;
2019-09-23 16:56:17 - [TEST_STEP][PASSED] - slurper = new groovy.json.JsonSlurper(): null&#xD;
&#xD;
2019-09-23 16:56:17 - [TEST_STEP][PASSED] - result = slurper.parseText(response.getResponseText()): null&#xD;
&#xD;
2019-09-23 16:56:17 - [TEST_STEP][PASSED] - println("***************************************"): null&#xD;
&#xD;
2019-09-23 16:56:17 - [TEST_STEP][PASSED] - println("THIS IS THE RESPONSE FROM VALIDATEMOBILENUMBER TEST CASE = " + result): null&#xD;
&#xD;
2019-09-23 16:56:17 - [TEST_STEP][PASSED] - println("***************************************"): null&#xD;
&#xD;
2019-09-23 16:56:17 - [TEST_STEP][PASSED] - value = uniqueTokenCode: null&#xD;
&#xD;
2019-09-23 16:56:17 - [TEST_STEP][PASSED] - println(value): null&#xD;
&#xD;
2019-09-23 16:56:17 - [TEST_STEP][PASSED] - uniquetoken = value: null&#xD;
&#xD;
2019-09-23 16:56:17 - [TEST_STEP][PASSED] - println("***************************************"): null&#xD;
&#xD;
2019-09-23 16:56:17 - [TEST_STEP][PASSED] - println("UNIQ TOKEN ID IS GENARATED  = " + uniquetoken): null&#xD;
&#xD;
2019-09-23 16:56:17 - [TEST_STEP][PASSED] - println("***************************************"): null</system-out>
            <system-err></system-err>
        </testcase>
        <testcase name="Test Cases/aValidate_OTPTest" classname="Test Cases/aValidate_OTPTest" status="ERROR">
            <error type="ERROR" message="Test Cases/aValidate_OTPTest FAILED.&#xA;Reason:&#xA;groovy.json.JsonException: Unable to determine the current character, it is not a string, number, array, or object&#xA;&#xA;The current character read is 'H' with an int value of 72&#xA;Unable to determine the current character, it is not a string, number, array, or object&#xA;line number 1&#xA;index number 0&#xA;Header Params are missing.&#xA;^&#xD;&#xA;&#x9;at aValidate_OTPTest.run(aValidate_OTPTest:23)&#xD;&#xA;&#x9;at com.kms.katalon.core.main.ScriptEngine.run(ScriptEngine.java:194)&#xD;&#xA;&#x9;at com.kms.katalon.core.main.ScriptEngine.runScriptAsRawText(ScriptEngine.java:119)&#xD;&#xA;&#x9;at com.kms.katalon.core.main.TestCaseExecutor.runScript(TestCaseExecutor.java:337)&#xD;&#xA;&#x9;at com.kms.katalon.core.main.TestCaseExecutor.doExecute(TestCaseExecutor.java:328)&#xD;&#xA;&#x9;at com.kms.katalon.core.main.TestCaseExecutor.processExecutionPhase(TestCaseExecutor.java:307)&#xD;&#xA;&#x9;at com.kms.katalon.core.main.TestCaseExecutor.accessMainPhase(TestCaseExecutor.java:299)&#xD;&#xA;&#x9;at com.kms.katalon.core.main.TestCaseExecutor.execute(TestCaseExecutor.java:233)&#xD;&#xA;&#x9;at com.kms.katalon.core.main.TestSuiteExecutor.accessTestCaseMainPhase(TestSuiteExecutor.java:169)&#xD;&#xA;&#x9;at com.kms.katalon.core.main.TestSuiteExecutor.accessTestSuiteMainPhase(TestSuiteExecutor.java:142)&#xD;&#xA;&#x9;at com.kms.katalon.core.main.TestSuiteExecutor.execute(TestSuiteExecutor.java:91)&#xD;&#xA;&#x9;at com.kms.katalon.core.main.TestCaseMain.startTestSuite(TestCaseMain.java:157)&#xD;&#xA;&#x9;at com.kms.katalon.core.main.TestCaseMain$startTestSuite$0.call(Unknown Source)&#xD;&#xA;&#x9;at TempTestSuite1569237970176.run(TempTestSuite1569237970176.groovy:35)&#xD;&#xA;"/>
            <system-out>2019-09-23 16:56:17 - [TEST_CASE][ERROR] - Test Cases/aValidate_OTPTest: Test Cases/aValidate_OTPTest FAILED.
Reason:
groovy.json.JsonException: Unable to determine the current character, it is not a string, number, array, or object

The current character read is 'H' with an int value of 72
Unable to determine the current character, it is not a string, number, array, or object
line number 1
index number 0
Header Params are missing.
^&#xD;
	at aValidate_OTPTest.run(aValidate_OTPTest:23)&#xD;
	at com.kms.katalon.core.main.ScriptEngine.run(ScriptEngine.java:194)&#xD;
	at com.kms.katalon.core.main.ScriptEngine.runScriptAsRawText(ScriptEngine.java:119)&#xD;
	at com.kms.katalon.core.main.TestCaseExecutor.runScript(TestCaseExecutor.java:337)&#xD;
	at com.kms.katalon.core.main.TestCaseExecutor.doExecute(TestCaseExecutor.java:328)&#xD;
	at com.kms.katalon.core.main.TestCaseExecutor.processExecutionPhase(TestCaseExecutor.java:307)&#xD;
	at com.kms.katalon.core.main.TestCaseExecutor.accessMainPhase(TestCaseExecutor.java:299)&#xD;
	at com.kms.katalon.core.main.TestCaseExecutor.execute(TestCaseExecutor.java:233)&#xD;
	at com.kms.katalon.core.main.TestSuiteExecutor.accessTestCaseMainPhase(TestSuiteExecutor.java:169)&#xD;
	at com.kms.katalon.core.main.TestSuiteExecutor.accessTestSuiteMainPhase(TestSuiteExecutor.java:142)&#xD;
	at com.kms.katalon.core.main.TestSuiteExecutor.execute(TestSuiteExecutor.java:91)&#xD;
	at com.kms.katalon.core.main.TestCaseMain.startTestSuite(TestCaseMain.java:157)&#xD;
	at com.kms.katalon.core.main.TestCaseMain$startTestSuite$0.call(Unknown Source)&#xD;
	at TempTestSuite1569237970176.run(TempTestSuite1569237970176.groovy:35)&#xD;
&#xD;
&#xD;
2019-09-23 16:56:18 - [TEST_STEP][PASSED] - sendRequest(findTestObject("aValidate OTP", ["uniqueToken":uniquetoken, "userId":userid])): Send request successfully&#xD;
&#xD;
2019-09-23 16:56:20 - [MESSAGE][INFO] - HAR: C:\Users\rajesh.veeranna\Katalon Studio\SmartIndonasia\Reports\20190923_165610\SMARTINDONASIA_API_SmokeTest\20190923_165610\requests\main\2.har&#xD;
&#xD;
2019-09-23 16:56:20 - [MESSAGE][PASSED] - Send request successfully&#xD;
&#xD;
2019-09-23 16:56:20 - [TEST_STEP][PASSED] - response1 = sendRequest(findTestObject("aValidate OTP", ["uniqueToken":uniquetoken, "userId":userid])): Send request successfully&#xD;
&#xD;
2019-09-23 16:56:21 - [MESSAGE][INFO] - HAR: C:\Users\rajesh.veeranna\Katalon Studio\SmartIndonasia\Reports\20190923_165610\SMARTINDONASIA_API_SmokeTest\20190923_165610\requests\main\3.har&#xD;
&#xD;
2019-09-23 16:56:21 - [MESSAGE][PASSED] - Send request successfully&#xD;
&#xD;
2019-09-23 16:56:21 - [TEST_STEP][PASSED] - slurper1 = new groovy.json.JsonSlurper(): null&#xD;
&#xD;
2019-09-23 16:56:21 - [TEST_STEP][PASSED] - result1 = slurper1.parseText(response1.getResponseText()): null</system-out>
            <system-err>2019-09-23 16:56:17 - [TEST_CASE][ERROR] - Test Cases/aValidate_OTPTest: Test Cases/aValidate_OTPTest FAILED.
Reason:
groovy.json.JsonException: Unable to determine the current character, it is not a string, number, array, or object

The current character read is 'H' with an int value of 72
Unable to determine the current character, it is not a string, number, array, or object
line number 1
index number 0
Header Params are missing.
^&#xD;
	at aValidate_OTPTest.run(aValidate_OTPTest:23)&#xD;
	at com.kms.katalon.core.main.ScriptEngine.run(ScriptEngine.java:194)&#xD;
	at com.kms.katalon.core.main.ScriptEngine.runScriptAsRawText(ScriptEngine.java:119)&#xD;
	at com.kms.katalon.core.main.TestCaseExecutor.runScript(TestCaseExecutor.java:337)&#xD;
	at com.kms.katalon.core.main.TestCaseExecutor.doExecute(TestCaseExecutor.java:328)&#xD;
	at com.kms.katalon.core.main.TestCaseExecutor.processExecutionPhase(TestCaseExecutor.java:307)&#xD;
	at com.kms.katalon.core.main.TestCaseExecutor.accessMainPhase(TestCaseExecutor.java:299)&#xD;
	at com.kms.katalon.core.main.TestCaseExecutor.execute(TestCaseExecutor.java:233)&#xD;
	at com.kms.katalon.core.main.TestSuiteExecutor.accessTestCaseMainPhase(TestSuiteExecutor.java:169)&#xD;
	at com.kms.katalon.core.main.TestSuiteExecutor.accessTestSuiteMainPhase(TestSuiteExecutor.java:142)&#xD;
	at com.kms.katalon.core.main.TestSuiteExecutor.execute(TestSuiteExecutor.java:91)&#xD;
	at com.kms.katalon.core.main.TestCaseMain.startTestSuite(TestCaseMain.java:157)&#xD;
	at com.kms.katalon.core.main.TestCaseMain$startTestSuite$0.call(Unknown Source)&#xD;
	at TempTestSuite1569237970176.run(TempTestSuite1569237970176.groovy:35)</system-err>
        </testcase>
        <system-out>2019-09-23 16:56:13 - [TEST_SUITE][INCOMPLETE] - SMARTINDONASIA_API_SmokeTest: null</system-out>
        <system-err>2019-09-23 16:56:13 - [TEST_SUITE][INCOMPLETE] - SMARTINDONASIA_API_SmokeTest: null</system-err>
    </testsuite>
</testsuites>
