<?xml version="1.0" encoding="UTF-8" standalone="yes"?>
<testsuites name="SMARTINDONASIA_API_SmokeTest" time="5" tests="2" failures="0" errors="1">
    <testsuite name="SMARTINDONASIA_API_SmokeTest" tests="2" failures="0" errors="1" time="5" timestamp="2019-09-26 20:37:46" hostname="Rajesh.Veeranna - VSPLBLRLT0060.visionetsystems.com" id="Test Suites/SMARTINDONASIA_API_SmokeTest">
        <properties>
            <property name="deviceName" value=""/>
            <property name="devicePlatform" value=""/>
            <property name="logFolder" value="C:\\Users\\rajesh.veeranna\\Katalon Studio\\SmartIndonasia\\Reports\\20190926_203743\\SMARTINDONASIA_API_SmokeTest\\20190926_203743"/>
            <property name="logFiles" value="C:\\Users\\rajesh.veeranna\\Katalon Studio\\SmartIndonasia\\Reports\\20190926_203743\\SMARTINDONASIA_API_SmokeTest\\20190926_203743\\execution0.log"/>
            <property name="attachments" value=""/>
            <property name="hostName" value="Rajesh.Veeranna - VSPLBLRLT0060.visionetsystems.com"/>
            <property name="hostAddress" value="10.130.3.183"/>
            <property name="os" value="Windows 7 64bit"/>
            <property name="katalonVersion" value="6.3.3.11"/>
        </properties>
        <testcase name="Test Cases/a.ValidateMobileNumber_Test" classname="Test Cases/a.ValidateMobileNumber_Test" status="PASSED">
            <system-out>2019-09-26 20:37:46 - [TEST_CASE][PASSED] - Test Cases/a.ValidateMobileNumber_Test: Test Cases/a.ValidateMobileNumber_Test&#xD;
&#xD;
2019-09-26 20:37:47 - [TEST_STEP][PASSED] - sendRequest(findTestObject("aValidate Mobile Number", ["protocal":Endpoint])): Send request successfully&#xD;
&#xD;
2019-09-26 20:37:48 - [MESSAGE][INFO] - HAR: C:\Users\rajesh.veeranna\Katalon Studio\SmartIndonasia\Reports\20190926_203743\SMARTINDONASIA_API_SmokeTest\20190926_203743\requests\main\0.har&#xD;
&#xD;
2019-09-26 20:37:48 - [MESSAGE][PASSED] - Send request successfully&#xD;
&#xD;
2019-09-26 20:37:48 - [TEST_STEP][PASSED] - response = sendRequestAndVerify(findTestObject("aValidate Mobile Number", ["protocal":Endpoint])): Send request and verify the response successfully&#xD;
&#xD;
2019-09-26 20:37:49 - [MESSAGE][INFO] - HAR: C:\Users\rajesh.veeranna\Katalon Studio\SmartIndonasia\Reports\20190926_203743\SMARTINDONASIA_API_SmokeTest\20190926_203743\requests\main\1.har&#xD;
&#xD;
2019-09-26 20:37:49 - [TEST_CASE][PASSED] - Start Test Case : Verification: Verification accomplished successfully&#xD;
&#xD;
2019-09-26 20:37:49 - [TEST_STEP][PASSED] - request = getInstance().getCurrentRequest(): null&#xD;
&#xD;
2019-09-26 20:37:49 - [TEST_STEP][PASSED] - response = getInstance().getCurrentResponse(): null&#xD;
&#xD;
2019-09-26 20:37:49 - [TEST_STEP][PASSED] - verifyResponseStatusCode(response, 200): Verify response status code successfully&#xD;
&#xD;
2019-09-26 20:37:49 - [MESSAGE][PASSED] - Verify response status code successfully&#xD;
&#xD;
2019-09-26 20:37:49 - [TEST_STEP][PASSED] - getStatusCode()).isEqualTo(200): null&#xD;
&#xD;
2019-09-26 20:37:49 - [MESSAGE][PASSED] - Verify response successfully&#xD;
&#xD;
2019-09-26 20:37:49 - [MESSAGE][PASSED] - Send request and verify the response successfully&#xD;
&#xD;
2019-09-26 20:37:49 - [TEST_STEP][PASSED] - slurper = new groovy.json.JsonSlurper(): null&#xD;
&#xD;
2019-09-26 20:37:49 - [TEST_STEP][PASSED] - result = slurper.parseText(response.getResponseText()): null&#xD;
&#xD;
2019-09-26 20:37:49 - [TEST_STEP][PASSED] - println("***************************************"): null&#xD;
&#xD;
2019-09-26 20:37:49 - [TEST_STEP][PASSED] - println("THIS IS THE RESPONSE FROM VALIDATEMOBILENUMBER TEST CASE = " + result): null&#xD;
&#xD;
2019-09-26 20:37:49 - [TEST_STEP][PASSED] - println("***************************************"): null&#xD;
&#xD;
2019-09-26 20:37:49 - [TEST_STEP][PASSED] - value = uniqueTokenCode: null&#xD;
&#xD;
2019-09-26 20:37:49 - [TEST_STEP][PASSED] - println(value): null&#xD;
&#xD;
2019-09-26 20:37:49 - [TEST_STEP][PASSED] - uniquetoken = value: null&#xD;
&#xD;
2019-09-26 20:37:49 - [TEST_STEP][PASSED] - println("***************************************"): null&#xD;
&#xD;
2019-09-26 20:37:50 - [TEST_STEP][PASSED] - println("UNIQ TOKEN ID IS GENARATED  = " + uniquetoken): null&#xD;
&#xD;
2019-09-26 20:37:50 - [TEST_STEP][PASSED] - println("***************************************"): null</system-out>
            <system-err></system-err>
        </testcase>
        <testcase name="Test Cases/aValidate_OTPTest" classname="Test Cases/aValidate_OTPTest" status="PASSED">
            <system-out>2019-09-26 20:37:50 - [TEST_CASE][PASSED] - Test Cases/aValidate_OTPTest: Test Cases/aValidate_OTPTest&#xD;
&#xD;
2019-09-26 20:37:50 - [TEST_STEP][PASSED] - sendRequest(findTestObject("aValidate OTP", ["uniqueToken":uniquetoken, "userId":userid])): Send request successfully&#xD;
&#xD;
2019-09-26 20:37:50 - [MESSAGE][INFO] - HAR: C:\Users\rajesh.veeranna\Katalon Studio\SmartIndonasia\Reports\20190926_203743\SMARTINDONASIA_API_SmokeTest\20190926_203743\requests\main\2.har&#xD;
&#xD;
2019-09-26 20:37:50 - [MESSAGE][PASSED] - Send request successfully&#xD;
&#xD;
2019-09-26 20:37:50 - [TEST_STEP][PASSED] - response1 = sendRequest(findTestObject("aValidate Mobile Number")): Send request successfully&#xD;
&#xD;
2019-09-26 20:37:50 - [MESSAGE][INFO] - HAR: C:\Users\rajesh.veeranna\Katalon Studio\SmartIndonasia\Reports\20190926_203743\SMARTINDONASIA_API_SmokeTest\20190926_203743\requests\main\3.har&#xD;
&#xD;
2019-09-26 20:37:50 - [MESSAGE][PASSED] - Send request successfully&#xD;
&#xD;
2019-09-26 20:37:50 - [TEST_STEP][PASSED] - slurper1 = new groovy.json.JsonSlurper(): null&#xD;
&#xD;
2019-09-26 20:37:50 - [TEST_STEP][PASSED] - result1 = slurper1.parseText(responseBodyContent): null&#xD;
&#xD;
2019-09-26 20:37:50 - [TEST_STEP][PASSED] - println("***************************************"): null&#xD;
&#xD;
2019-09-26 20:37:50 - [TEST_STEP][PASSED] - println("THIS IS THE RESPONSE FROM VALIDATEOTP TEST CASE = " + result1): null&#xD;
&#xD;
2019-09-26 20:37:50 - [TEST_STEP][PASSED] - println("***************************************"): null&#xD;
&#xD;
2019-09-26 20:37:50 - [TEST_STEP][PASSED] - value1 = userId: null&#xD;
&#xD;
2019-09-26 20:37:50 - [TEST_STEP][PASSED] - userid = value1: null&#xD;
&#xD;
2019-09-26 20:37:50 - [TEST_STEP][PASSED] - println("***************************************"): null&#xD;
&#xD;
2019-09-26 20:37:50 - [TEST_STEP][PASSED] - println("THE USER ID IS GENARATED  = " + userid): null&#xD;
&#xD;
2019-09-26 20:37:50 - [TEST_STEP][PASSED] - println("***************************************"): null</system-out>
            <system-err></system-err>
        </testcase>
        <testcase name="Test Cases/cUpdateTripDetails_Test" classname="Test Cases/cUpdateTripDetails_Test" status="ERROR">
            <error type="ERROR" message="Test Cases/cUpdateTripDetails_Test FAILED.&#xA;Reason:&#xA;java.lang.IllegalArgumentException: Text must not be null or empty&#xD;&#xA;&#x9;at cUpdateTripDetails_Test.run(cUpdateTripDetails_Test:33)&#xD;&#xA;&#x9;at com.kms.katalon.core.main.ScriptEngine.run(ScriptEngine.java:194)&#xD;&#xA;&#x9;at com.kms.katalon.core.main.ScriptEngine.runScriptAsRawText(ScriptEngine.java:119)&#xD;&#xA;&#x9;at com.kms.katalon.core.main.TestCaseExecutor.runScript(TestCaseExecutor.java:337)&#xD;&#xA;&#x9;at com.kms.katalon.core.main.TestCaseExecutor.doExecute(TestCaseExecutor.java:328)&#xD;&#xA;&#x9;at com.kms.katalon.core.main.TestCaseExecutor.processExecutionPhase(TestCaseExecutor.java:307)&#xD;&#xA;&#x9;at com.kms.katalon.core.main.TestCaseExecutor.accessMainPhase(TestCaseExecutor.java:299)&#xD;&#xA;&#x9;at com.kms.katalon.core.main.TestCaseExecutor.execute(TestCaseExecutor.java:233)&#xD;&#xA;&#x9;at com.kms.katalon.core.main.TestSuiteExecutor.accessTestCaseMainPhase(TestSuiteExecutor.java:169)&#xD;&#xA;&#x9;at com.kms.katalon.core.main.TestSuiteExecutor.accessTestSuiteMainPhase(TestSuiteExecutor.java:142)&#xD;&#xA;&#x9;at com.kms.katalon.core.main.TestSuiteExecutor.execute(TestSuiteExecutor.java:91)&#xD;&#xA;&#x9;at com.kms.katalon.core.main.TestCaseMain.startTestSuite(TestCaseMain.java:157)&#xD;&#xA;&#x9;at com.kms.katalon.core.main.TestCaseMain$startTestSuite$0.call(Unknown Source)&#xD;&#xA;&#x9;at TempTestSuite1569510463692.run(TempTestSuite1569510463692.groovy:35)&#xD;&#xA;"/>
            <system-out>2019-09-26 20:37:50 - [TEST_CASE][ERROR] - Test Cases/cUpdateTripDetails_Test: Test Cases/cUpdateTripDetails_Test FAILED.
Reason:
java.lang.IllegalArgumentException: Text must not be null or empty&#xD;
	at cUpdateTripDetails_Test.run(cUpdateTripDetails_Test:33)&#xD;
	at com.kms.katalon.core.main.ScriptEngine.run(ScriptEngine.java:194)&#xD;
	at com.kms.katalon.core.main.ScriptEngine.runScriptAsRawText(ScriptEngine.java:119)&#xD;
	at com.kms.katalon.core.main.TestCaseExecutor.runScript(TestCaseExecutor.java:337)&#xD;
	at com.kms.katalon.core.main.TestCaseExecutor.doExecute(TestCaseExecutor.java:328)&#xD;
	at com.kms.katalon.core.main.TestCaseExecutor.processExecutionPhase(TestCaseExecutor.java:307)&#xD;
	at com.kms.katalon.core.main.TestCaseExecutor.accessMainPhase(TestCaseExecutor.java:299)&#xD;
	at com.kms.katalon.core.main.TestCaseExecutor.execute(TestCaseExecutor.java:233)&#xD;
	at com.kms.katalon.core.main.TestSuiteExecutor.accessTestCaseMainPhase(TestSuiteExecutor.java:169)&#xD;
	at com.kms.katalon.core.main.TestSuiteExecutor.accessTestSuiteMainPhase(TestSuiteExecutor.java:142)&#xD;
	at com.kms.katalon.core.main.TestSuiteExecutor.execute(TestSuiteExecutor.java:91)&#xD;
	at com.kms.katalon.core.main.TestCaseMain.startTestSuite(TestCaseMain.java:157)&#xD;
	at com.kms.katalon.core.main.TestCaseMain$startTestSuite$0.call(Unknown Source)&#xD;
	at TempTestSuite1569510463692.run(TempTestSuite1569510463692.groovy:35)&#xD;
&#xD;
&#xD;
2019-09-26 20:37:51 - [TEST_STEP][PASSED] - file1 = new java.io.File(D:\InsertTripDetails_ID.txt): null&#xD;
&#xD;
2019-09-26 20:37:51 - [TEST_STEP][PASSED] - triPID = file1.readLines(): null&#xD;
&#xD;
2019-09-26 20:37:51 - [TEST_STEP][PASSED] - println("--------------&gt;" + triPID): null&#xD;
&#xD;
2019-09-26 20:37:51 - [TEST_STEP][PASSED] - sendRequest(findTestObject("aValidate OTP", ["uniqueToken":uniquetoken, "userId":userid])): Send request successfully&#xD;
&#xD;
2019-09-26 20:37:51 - [MESSAGE][INFO] - HAR: C:\Users\rajesh.veeranna\Katalon Studio\SmartIndonasia\Reports\20190926_203743\SMARTINDONASIA_API_SmokeTest\20190926_203743\requests\main\4.har&#xD;
&#xD;
2019-09-26 20:37:51 - [MESSAGE][PASSED] - Send request successfully&#xD;
&#xD;
2019-09-26 20:37:51 - [TEST_STEP][PASSED] - responseC = sendRequest(findTestObject("cUpdate Trip Detail", ["uptripiD":triPID, "userId":userid])): Send request successfully&#xD;
&#xD;
2019-09-26 20:37:51 - [MESSAGE][INFO] - HAR: C:\Users\rajesh.veeranna\Katalon Studio\SmartIndonasia\Reports\20190926_203743\SMARTINDONASIA_API_SmokeTest\20190926_203743\requests\main\5.har&#xD;
&#xD;
2019-09-26 20:37:51 - [MESSAGE][PASSED] - Send request successfully&#xD;
&#xD;
2019-09-26 20:37:51 - [TEST_STEP][PASSED] - slurpert = new groovy.json.JsonSlurper(): null&#xD;
&#xD;
2019-09-26 20:37:51 - [TEST_STEP][PASSED] - resultt = slurpert.parseText(responseC.getResponseText()): null</system-out>
            <system-err>2019-09-26 20:37:50 - [TEST_CASE][ERROR] - Test Cases/cUpdateTripDetails_Test: Test Cases/cUpdateTripDetails_Test FAILED.
Reason:
java.lang.IllegalArgumentException: Text must not be null or empty&#xD;
	at cUpdateTripDetails_Test.run(cUpdateTripDetails_Test:33)&#xD;
	at com.kms.katalon.core.main.ScriptEngine.run(ScriptEngine.java:194)&#xD;
	at com.kms.katalon.core.main.ScriptEngine.runScriptAsRawText(ScriptEngine.java:119)&#xD;
	at com.kms.katalon.core.main.TestCaseExecutor.runScript(TestCaseExecutor.java:337)&#xD;
	at com.kms.katalon.core.main.TestCaseExecutor.doExecute(TestCaseExecutor.java:328)&#xD;
	at com.kms.katalon.core.main.TestCaseExecutor.processExecutionPhase(TestCaseExecutor.java:307)&#xD;
	at com.kms.katalon.core.main.TestCaseExecutor.accessMainPhase(TestCaseExecutor.java:299)&#xD;
	at com.kms.katalon.core.main.TestCaseExecutor.execute(TestCaseExecutor.java:233)&#xD;
	at com.kms.katalon.core.main.TestSuiteExecutor.accessTestCaseMainPhase(TestSuiteExecutor.java:169)&#xD;
	at com.kms.katalon.core.main.TestSuiteExecutor.accessTestSuiteMainPhase(TestSuiteExecutor.java:142)&#xD;
	at com.kms.katalon.core.main.TestSuiteExecutor.execute(TestSuiteExecutor.java:91)&#xD;
	at com.kms.katalon.core.main.TestCaseMain.startTestSuite(TestCaseMain.java:157)&#xD;
	at com.kms.katalon.core.main.TestCaseMain$startTestSuite$0.call(Unknown Source)&#xD;
	at TempTestSuite1569510463692.run(TempTestSuite1569510463692.groovy:35)</system-err>
        </testcase>
        <system-out>2019-09-26 20:37:46 - [TEST_SUITE][INCOMPLETE] - SMARTINDONASIA_API_SmokeTest: null</system-out>
        <system-err>2019-09-26 20:37:46 - [TEST_SUITE][INCOMPLETE] - SMARTINDONASIA_API_SmokeTest: null</system-err>
    </testsuite>
</testsuites>
