<?xml version="1.0" encoding="UTF-8" standalone="yes"?>
<testsuites name="SMARTINDONASIA_API_SmokeTest" time="10" tests="2" failures="0" errors="1">
    <testsuite name="SMARTINDONASIA_API_SmokeTest" tests="2" failures="0" errors="1" time="10" timestamp="2019-08-29 20:11:43" hostname="Rajesh.Veeranna - VSPLBLRLT0060.visionetsystems.com" id="Test Suites/SMARTINDONASIA_API_SmokeTest">
        <properties>
            <property name="deviceName" value=""/>
            <property name="devicePlatform" value=""/>
            <property name="logFolder" value="C:\\Users\\rajesh.veeranna\\Katalon Studio\\SmartIndonasia\\Reports\\20190829_201133\\SMARTINDONASIA_API_SmokeTest\\20190829_201133"/>
            <property name="logFiles" value="C:\\Users\\rajesh.veeranna\\Katalon Studio\\SmartIndonasia\\Reports\\20190829_201133\\SMARTINDONASIA_API_SmokeTest\\20190829_201133\\execution0.log"/>
            <property name="attachments" value=""/>
            <property name="hostName" value="Rajesh.Veeranna - VSPLBLRLT0060.visionetsystems.com"/>
            <property name="hostAddress" value="10.130.3.183"/>
            <property name="os" value="Windows 7 64bit"/>
            <property name="katalonVersion" value="6.3.3.11"/>
        </properties>
        <testcase name="Test Cases/aValidateMobileNumberTest" classname="Test Cases/aValidateMobileNumberTest" status="PASSED">
            <system-out>2019-08-29 20:11:44 - [TEST_CASE][PASSED] - Test Cases/aValidateMobileNumberTest: Test Cases/aValidateMobileNumberTest&#xD;
&#xD;
2019-08-29 20:11:44 - [TEST_STEP][PASSED] - response = sendRequestAndVerify(findTestObject("validate_mobile_number")): Send request and verify the response successfully&#xD;
&#xD;
2019-08-29 20:11:46 - [MESSAGE][INFO] - HAR: C:\Users\rajesh.veeranna\Katalon Studio\SmartIndonasia\Reports\20190829_201133\SMARTINDONASIA_API_SmokeTest\20190829_201133\requests\main\0.har&#xD;
&#xD;
2019-08-29 20:11:46 - [TEST_CASE][PASSED] - Start Test Case : Verification: Verification accomplished successfully&#xD;
&#xD;
2019-08-29 20:11:47 - [TEST_STEP][PASSED] - request = getInstance().getCurrentRequest(): null&#xD;
&#xD;
2019-08-29 20:11:47 - [TEST_STEP][PASSED] - response = getInstance().getCurrentResponse(): null&#xD;
&#xD;
2019-08-29 20:11:47 - [TEST_STEP][PASSED] - verifyResponseStatusCode(response, 200): Verify response status code successfully&#xD;
&#xD;
2019-08-29 20:11:47 - [MESSAGE][PASSED] - Verify response status code successfully&#xD;
&#xD;
2019-08-29 20:11:47 - [TEST_STEP][PASSED] - getStatusCode()).isEqualTo(200): null&#xD;
&#xD;
2019-08-29 20:11:47 - [MESSAGE][PASSED] - Verify response successfully&#xD;
&#xD;
2019-08-29 20:11:47 - [MESSAGE][PASSED] - Send request and verify the response successfully&#xD;
&#xD;
2019-08-29 20:11:47 - [TEST_STEP][PASSED] - slurper = new groovy.json.JsonSlurper(): null&#xD;
&#xD;
2019-08-29 20:11:47 - [TEST_STEP][PASSED] - result = slurper.parseText(response.getResponseText()): null&#xD;
&#xD;
2019-08-29 20:11:47 - [TEST_STEP][PASSED] - println("***************************************"): null&#xD;
&#xD;
2019-08-29 20:11:47 - [TEST_STEP][PASSED] - println("THIS IS THE RESPONSE FROM VALIDATEMOBILENUMBER TEST CASE = " + result): null&#xD;
&#xD;
2019-08-29 20:11:47 - [TEST_STEP][PASSED] - println("***************************************"): null&#xD;
&#xD;
2019-08-29 20:11:47 - [TEST_STEP][PASSED] - value = uniqueTokenCode: null&#xD;
&#xD;
2019-08-29 20:11:47 - [TEST_STEP][PASSED] - println(value): null&#xD;
&#xD;
2019-08-29 20:11:47 - [TEST_STEP][PASSED] - uniquetoken = value: null&#xD;
&#xD;
2019-08-29 20:11:47 - [TEST_STEP][PASSED] - println("***************************************"): null&#xD;
&#xD;
2019-08-29 20:11:47 - [TEST_STEP][PASSED] - println("UNIQ TOKEN ID IS GENARATED  = " + uniquetoken): null&#xD;
&#xD;
2019-08-29 20:11:47 - [TEST_STEP][PASSED] - println("***************************************"): null</system-out>
            <system-err></system-err>
        </testcase>
        <testcase name="Test Cases/bValidate_OTPTest" classname="Test Cases/bValidate_OTPTest" status="PASSED">
            <system-out>2019-08-29 20:11:47 - [TEST_CASE][PASSED] - Test Cases/bValidate_OTPTest: Test Cases/bValidate_OTPTest&#xD;
&#xD;
2019-08-29 20:11:48 - [TEST_STEP][PASSED] - sendRequest(findTestObject("validate_OTP", ["uniqueToken":uniquetoken, "userId":userid])): Send request successfully&#xD;
&#xD;
2019-08-29 20:11:48 - [MESSAGE][INFO] - HAR: C:\Users\rajesh.veeranna\Katalon Studio\SmartIndonasia\Reports\20190829_201133\SMARTINDONASIA_API_SmokeTest\20190829_201133\requests\main\1.har&#xD;
&#xD;
2019-08-29 20:11:48 - [MESSAGE][PASSED] - Send request successfully&#xD;
&#xD;
2019-08-29 20:11:48 - [TEST_STEP][PASSED] - response1 = sendRequestAndVerify(findTestObject("validate_mobile_number")): Send request and verify the response successfully&#xD;
&#xD;
2019-08-29 20:11:49 - [MESSAGE][INFO] - HAR: C:\Users\rajesh.veeranna\Katalon Studio\SmartIndonasia\Reports\20190829_201133\SMARTINDONASIA_API_SmokeTest\20190829_201133\requests\main\2.har&#xD;
&#xD;
2019-08-29 20:11:49 - [TEST_CASE][PASSED] - Start Test Case : Verification: Verification accomplished successfully&#xD;
&#xD;
2019-08-29 20:11:49 - [TEST_STEP][PASSED] - request = getInstance().getCurrentRequest(): null&#xD;
&#xD;
2019-08-29 20:11:49 - [TEST_STEP][PASSED] - response = getInstance().getCurrentResponse(): null&#xD;
&#xD;
2019-08-29 20:11:49 - [TEST_STEP][PASSED] - verifyResponseStatusCode(response, 200): Verify response status code successfully&#xD;
&#xD;
2019-08-29 20:11:49 - [MESSAGE][PASSED] - Verify response status code successfully&#xD;
&#xD;
2019-08-29 20:11:49 - [TEST_STEP][PASSED] - getStatusCode()).isEqualTo(200): null&#xD;
&#xD;
2019-08-29 20:11:49 - [MESSAGE][PASSED] - Verify response successfully&#xD;
&#xD;
2019-08-29 20:11:49 - [MESSAGE][PASSED] - Send request and verify the response successfully&#xD;
&#xD;
2019-08-29 20:11:49 - [TEST_STEP][PASSED] - slurper1 = new groovy.json.JsonSlurper(): null&#xD;
&#xD;
2019-08-29 20:11:49 - [TEST_STEP][PASSED] - result1 = slurper1.parseText(response1.getResponseText()): null&#xD;
&#xD;
2019-08-29 20:11:49 - [TEST_STEP][PASSED] - println("***************************************"): null&#xD;
&#xD;
2019-08-29 20:11:49 - [TEST_STEP][PASSED] - println("THIS IS THE RESPONSE FROM VALIDATEOTP TEST CASE = " + result1): null&#xD;
&#xD;
2019-08-29 20:11:49 - [TEST_STEP][PASSED] - println("***************************************"): null&#xD;
&#xD;
2019-08-29 20:11:49 - [TEST_STEP][PASSED] - value1 = userId: null&#xD;
&#xD;
2019-08-29 20:11:49 - [TEST_STEP][PASSED] - println(value1): null&#xD;
&#xD;
2019-08-29 20:11:49 - [TEST_STEP][PASSED] - userid = value1: null&#xD;
&#xD;
2019-08-29 20:11:49 - [TEST_STEP][PASSED] - println("***************************************"): null&#xD;
&#xD;
2019-08-29 20:11:49 - [TEST_STEP][PASSED] - println("THE USER ID IS GENARATED  = " + userid): null&#xD;
&#xD;
2019-08-29 20:11:49 - [TEST_STEP][PASSED] - println("***************************************"): null</system-out>
            <system-err></system-err>
        </testcase>
        <testcase name="Test Cases/cInsertTripDetailsTest (MI)" classname="Test Cases/cInsertTripDetailsTest (MI)" status="ERROR">
            <error type="ERROR" message="Test Cases/cInsertTripDetailsTest (MI) FAILED.&#xA;Reason:&#xA;groovy.lang.MissingPropertyException: No such property: userId for class: java.lang.String&#xD;&#xA;&#x9;at cInsertTripDetailsTest (MI).run(cInsertTripDetailsTest (MI):37)&#xD;&#xA;&#x9;at com.kms.katalon.core.main.ScriptEngine.run(ScriptEngine.java:194)&#xD;&#xA;&#x9;at com.kms.katalon.core.main.ScriptEngine.runScriptAsRawText(ScriptEngine.java:119)&#xD;&#xA;&#x9;at com.kms.katalon.core.main.TestCaseExecutor.runScript(TestCaseExecutor.java:337)&#xD;&#xA;&#x9;at com.kms.katalon.core.main.TestCaseExecutor.doExecute(TestCaseExecutor.java:328)&#xD;&#xA;&#x9;at com.kms.katalon.core.main.TestCaseExecutor.processExecutionPhase(TestCaseExecutor.java:307)&#xD;&#xA;&#x9;at com.kms.katalon.core.main.TestCaseExecutor.accessMainPhase(TestCaseExecutor.java:299)&#xD;&#xA;&#x9;at com.kms.katalon.core.main.TestCaseExecutor.execute(TestCaseExecutor.java:233)&#xD;&#xA;&#x9;at com.kms.katalon.core.main.TestSuiteExecutor.accessTestCaseMainPhase(TestSuiteExecutor.java:169)&#xD;&#xA;&#x9;at com.kms.katalon.core.main.TestSuiteExecutor.accessTestSuiteMainPhase(TestSuiteExecutor.java:142)&#xD;&#xA;&#x9;at com.kms.katalon.core.main.TestSuiteExecutor.execute(TestSuiteExecutor.java:91)&#xD;&#xA;&#x9;at com.kms.katalon.core.main.TestCaseMain.startTestSuite(TestCaseMain.java:157)&#xD;&#xA;&#x9;at com.kms.katalon.core.main.TestCaseMain$startTestSuite$0.call(Unknown Source)&#xD;&#xA;&#x9;at TempTestSuite1567089693466.run(TempTestSuite1567089693466.groovy:35)&#xD;&#xA;"/>
            <system-out>2019-08-29 20:11:50 - [TEST_CASE][ERROR] - Test Cases/cInsertTripDetailsTest (MI): Test Cases/cInsertTripDetailsTest (MI) FAILED.
Reason:
groovy.lang.MissingPropertyException: No such property: userId for class: java.lang.String&#xD;
	at cInsertTripDetailsTest (MI).run(cInsertTripDetailsTest (MI):37)&#xD;
	at com.kms.katalon.core.main.ScriptEngine.run(ScriptEngine.java:194)&#xD;
	at com.kms.katalon.core.main.ScriptEngine.runScriptAsRawText(ScriptEngine.java:119)&#xD;
	at com.kms.katalon.core.main.TestCaseExecutor.runScript(TestCaseExecutor.java:337)&#xD;
	at com.kms.katalon.core.main.TestCaseExecutor.doExecute(TestCaseExecutor.java:328)&#xD;
	at com.kms.katalon.core.main.TestCaseExecutor.processExecutionPhase(TestCaseExecutor.java:307)&#xD;
	at com.kms.katalon.core.main.TestCaseExecutor.accessMainPhase(TestCaseExecutor.java:299)&#xD;
	at com.kms.katalon.core.main.TestCaseExecutor.execute(TestCaseExecutor.java:233)&#xD;
	at com.kms.katalon.core.main.TestSuiteExecutor.accessTestCaseMainPhase(TestSuiteExecutor.java:169)&#xD;
	at com.kms.katalon.core.main.TestSuiteExecutor.accessTestSuiteMainPhase(TestSuiteExecutor.java:142)&#xD;
	at com.kms.katalon.core.main.TestSuiteExecutor.execute(TestSuiteExecutor.java:91)&#xD;
	at com.kms.katalon.core.main.TestCaseMain.startTestSuite(TestCaseMain.java:157)&#xD;
	at com.kms.katalon.core.main.TestCaseMain$startTestSuite$0.call(Unknown Source)&#xD;
	at TempTestSuite1567089693466.run(TempTestSuite1567089693466.groovy:35)&#xD;
&#xD;
&#xD;
2019-08-29 20:11:50 - [TEST_STEP][PASSED] - sendRequest(findTestObject("validate_OTP", ["uniqueToken":uniquetoken, "userId":userid])): Send request successfully&#xD;
&#xD;
2019-08-29 20:11:50 - [MESSAGE][INFO] - HAR: C:\Users\rajesh.veeranna\Katalon Studio\SmartIndonasia\Reports\20190829_201133\SMARTINDONASIA_API_SmokeTest\20190829_201133\requests\main\3.har&#xD;
&#xD;
2019-08-29 20:11:50 - [MESSAGE][PASSED] - Send request successfully&#xD;
&#xD;
2019-08-29 20:11:50 - [TEST_STEP][PASSED] - println("***************************************"): null&#xD;
&#xD;
2019-08-29 20:11:50 - [TEST_STEP][PASSED] - println(tripid): null&#xD;
&#xD;
2019-08-29 20:11:50 - [TEST_STEP][PASSED] - println(startriptime): null&#xD;
&#xD;
2019-08-29 20:11:50 - [TEST_STEP][PASSED] - println(startripLocality): null&#xD;
&#xD;
2019-08-29 20:11:50 - [TEST_STEP][PASSED] - println("***************************************"): null&#xD;
&#xD;
2019-08-29 20:11:50 - [TEST_STEP][PASSED] - resp2 = sendRequest(findTestObject("insert_trip_detail", ["uniqueToken":uniquetoken, "userId":userid, "tripid":tripid, "startriptime":startriptime, "startripLocality":startripLocality])): Send request successfully&#xD;
&#xD;
2019-08-29 20:11:51 - [MESSAGE][INFO] - HAR: C:\Users\rajesh.veeranna\Katalon Studio\SmartIndonasia\Reports\20190829_201133\SMARTINDONASIA_API_SmokeTest\20190829_201133\requests\main\4.har&#xD;
&#xD;
2019-08-29 20:11:52 - [MESSAGE][PASSED] - Send request successfully&#xD;
&#xD;
2019-08-29 20:11:52 - [TEST_STEP][PASSED] - slurper2 = new groovy.json.JsonSlurper(): null&#xD;
&#xD;
2019-08-29 20:11:52 - [TEST_STEP][PASSED] - result2 = slurper2.parseText(resp2.getResponseText()): null&#xD;
&#xD;
2019-08-29 20:11:52 - [TEST_STEP][PASSED] - println("***************************************"): null&#xD;
&#xD;
2019-08-29 20:11:52 - [TEST_STEP][PASSED] - println("THIS IS THE RESPONSE FROM INSERT TRIP DETAILS  TEST CASE = " + result2): null&#xD;
&#xD;
2019-08-29 20:11:52 - [TEST_STEP][PASSED] - println("***************************************"): null&#xD;
&#xD;
2019-08-29 20:11:52 - [TEST_STEP][PASSED] - value2 = userId: null</system-out>
            <system-err>2019-08-29 20:11:50 - [TEST_CASE][ERROR] - Test Cases/cInsertTripDetailsTest (MI): Test Cases/cInsertTripDetailsTest (MI) FAILED.
Reason:
groovy.lang.MissingPropertyException: No such property: userId for class: java.lang.String&#xD;
	at cInsertTripDetailsTest (MI).run(cInsertTripDetailsTest (MI):37)&#xD;
	at com.kms.katalon.core.main.ScriptEngine.run(ScriptEngine.java:194)&#xD;
	at com.kms.katalon.core.main.ScriptEngine.runScriptAsRawText(ScriptEngine.java:119)&#xD;
	at com.kms.katalon.core.main.TestCaseExecutor.runScript(TestCaseExecutor.java:337)&#xD;
	at com.kms.katalon.core.main.TestCaseExecutor.doExecute(TestCaseExecutor.java:328)&#xD;
	at com.kms.katalon.core.main.TestCaseExecutor.processExecutionPhase(TestCaseExecutor.java:307)&#xD;
	at com.kms.katalon.core.main.TestCaseExecutor.accessMainPhase(TestCaseExecutor.java:299)&#xD;
	at com.kms.katalon.core.main.TestCaseExecutor.execute(TestCaseExecutor.java:233)&#xD;
	at com.kms.katalon.core.main.TestSuiteExecutor.accessTestCaseMainPhase(TestSuiteExecutor.java:169)&#xD;
	at com.kms.katalon.core.main.TestSuiteExecutor.accessTestSuiteMainPhase(TestSuiteExecutor.java:142)&#xD;
	at com.kms.katalon.core.main.TestSuiteExecutor.execute(TestSuiteExecutor.java:91)&#xD;
	at com.kms.katalon.core.main.TestCaseMain.startTestSuite(TestCaseMain.java:157)&#xD;
	at com.kms.katalon.core.main.TestCaseMain$startTestSuite$0.call(Unknown Source)&#xD;
	at TempTestSuite1567089693466.run(TempTestSuite1567089693466.groovy:35)</system-err>
        </testcase>
        <system-out>2019-08-29 20:11:43 - [TEST_SUITE][INCOMPLETE] - SMARTINDONASIA_API_SmokeTest: null</system-out>
        <system-err>2019-08-29 20:11:43 - [TEST_SUITE][INCOMPLETE] - SMARTINDONASIA_API_SmokeTest: null</system-err>
    </testsuite>
</testsuites>
