<?xml version="1.0" encoding="UTF-8" standalone="yes"?>
<testsuites name="SMARTINDONASIA_API_SmokeTest" time="52" tests="30" failures="1" errors="1">
    <testsuite name="SMARTINDONASIA_API_SmokeTest" tests="30" failures="1" errors="1" time="52" timestamp="2019-09-26 15:15:32" hostname="Rajesh.Veeranna - VSPLBLRLT0060.visionetsystems.com" id="Test Suites/SMARTINDONASIA_API_SmokeTest">
        <properties>
            <property name="deviceName" value=""/>
            <property name="devicePlatform" value=""/>
            <property name="logFolder" value="C:\\Users\\rajesh.veeranna\\Katalon Studio\\SmartIndonasia\\Reports\\20190926_151529\\SMARTINDONASIA_API_SmokeTest\\20190926_151529"/>
            <property name="logFiles" value="C:\\Users\\rajesh.veeranna\\Katalon Studio\\SmartIndonasia\\Reports\\20190926_151529\\SMARTINDONASIA_API_SmokeTest\\20190926_151529\\execution0.log"/>
            <property name="attachments" value=""/>
            <property name="hostName" value="Rajesh.Veeranna - VSPLBLRLT0060.visionetsystems.com"/>
            <property name="hostAddress" value="10.130.3.183"/>
            <property name="os" value="Windows 7 64bit"/>
            <property name="katalonVersion" value="6.3.3.11"/>
        </properties>
        <testcase name="Test Cases/a.ValidateMobileNumber_Test" classname="Test Cases/a.ValidateMobileNumber_Test" status="PASSED">
            <system-out>2019-09-26 15:15:32 - [TEST_CASE][PASSED] - Test Cases/a.ValidateMobileNumber_Test: Test Cases/a.ValidateMobileNumber_Test&#xD;
&#xD;
2019-09-26 15:15:32 - [TEST_STEP][PASSED] - sendRequest(findTestObject("aValidate Mobile Number", ["protocal":Endpoint])): Send request successfully&#xD;
&#xD;
2019-09-26 15:15:34 - [MESSAGE][INFO] - HAR: C:\Users\rajesh.veeranna\Katalon Studio\SmartIndonasia\Reports\20190926_151529\SMARTINDONASIA_API_SmokeTest\20190926_151529\requests\main\0.har&#xD;
&#xD;
2019-09-26 15:15:35 - [MESSAGE][PASSED] - Send request successfully&#xD;
&#xD;
2019-09-26 15:15:35 - [TEST_STEP][PASSED] - response = sendRequestAndVerify(findTestObject("aValidate Mobile Number", ["protocal":Endpoint])): Send request and verify the response successfully&#xD;
&#xD;
2019-09-26 15:15:35 - [MESSAGE][INFO] - HAR: C:\Users\rajesh.veeranna\Katalon Studio\SmartIndonasia\Reports\20190926_151529\SMARTINDONASIA_API_SmokeTest\20190926_151529\requests\main\1.har&#xD;
&#xD;
2019-09-26 15:15:35 - [TEST_CASE][PASSED] - Start Test Case : Verification: Verification accomplished successfully&#xD;
&#xD;
2019-09-26 15:15:36 - [TEST_STEP][PASSED] - request = getInstance().getCurrentRequest(): null&#xD;
&#xD;
2019-09-26 15:15:36 - [TEST_STEP][PASSED] - response = getInstance().getCurrentResponse(): null&#xD;
&#xD;
2019-09-26 15:15:36 - [TEST_STEP][PASSED] - verifyResponseStatusCode(response, 200): Verify response status code successfully&#xD;
&#xD;
2019-09-26 15:15:36 - [MESSAGE][PASSED] - Verify response status code successfully&#xD;
&#xD;
2019-09-26 15:15:36 - [TEST_STEP][PASSED] - getStatusCode()).isEqualTo(200): null&#xD;
&#xD;
2019-09-26 15:15:36 - [MESSAGE][PASSED] - Verify response successfully&#xD;
&#xD;
2019-09-26 15:15:36 - [MESSAGE][PASSED] - Send request and verify the response successfully&#xD;
&#xD;
2019-09-26 15:15:36 - [TEST_STEP][PASSED] - slurper = new groovy.json.JsonSlurper(): null&#xD;
&#xD;
2019-09-26 15:15:36 - [TEST_STEP][PASSED] - result = slurper.parseText(response.getResponseText()): null&#xD;
&#xD;
2019-09-26 15:15:36 - [TEST_STEP][PASSED] - println("***************************************"): null&#xD;
&#xD;
2019-09-26 15:15:36 - [TEST_STEP][PASSED] - println("THIS IS THE RESPONSE FROM VALIDATEMOBILENUMBER TEST CASE = " + result): null&#xD;
&#xD;
2019-09-26 15:15:36 - [TEST_STEP][PASSED] - println("***************************************"): null&#xD;
&#xD;
2019-09-26 15:15:36 - [TEST_STEP][PASSED] - value = uniqueTokenCode: null&#xD;
&#xD;
2019-09-26 15:15:36 - [TEST_STEP][PASSED] - println(value): null&#xD;
&#xD;
2019-09-26 15:15:36 - [TEST_STEP][PASSED] - uniquetoken = value: null&#xD;
&#xD;
2019-09-26 15:15:36 - [TEST_STEP][PASSED] - println("***************************************"): null&#xD;
&#xD;
2019-09-26 15:15:36 - [TEST_STEP][PASSED] - println("UNIQ TOKEN ID IS GENARATED  = " + uniquetoken): null&#xD;
&#xD;
2019-09-26 15:15:36 - [TEST_STEP][PASSED] - println("***************************************"): null</system-out>
            <system-err></system-err>
        </testcase>
        <testcase name="Test Cases/aValidate_OTPTest" classname="Test Cases/aValidate_OTPTest" status="PASSED">
            <system-out>2019-09-26 15:15:36 - [TEST_CASE][PASSED] - Test Cases/aValidate_OTPTest: Test Cases/aValidate_OTPTest&#xD;
&#xD;
2019-09-26 15:15:37 - [TEST_STEP][PASSED] - sendRequest(findTestObject("aValidate OTP", ["uniqueToken":uniquetoken, "userId":userid])): Send request successfully&#xD;
&#xD;
2019-09-26 15:15:37 - [MESSAGE][INFO] - HAR: C:\Users\rajesh.veeranna\Katalon Studio\SmartIndonasia\Reports\20190926_151529\SMARTINDONASIA_API_SmokeTest\20190926_151529\requests\main\2.har&#xD;
&#xD;
2019-09-26 15:15:37 - [MESSAGE][PASSED] - Send request successfully&#xD;
&#xD;
2019-09-26 15:15:37 - [TEST_STEP][PASSED] - response1 = sendRequest(findTestObject("aValidate Mobile Number")): Send request successfully&#xD;
&#xD;
2019-09-26 15:15:38 - [MESSAGE][INFO] - HAR: C:\Users\rajesh.veeranna\Katalon Studio\SmartIndonasia\Reports\20190926_151529\SMARTINDONASIA_API_SmokeTest\20190926_151529\requests\main\3.har&#xD;
&#xD;
2019-09-26 15:15:38 - [MESSAGE][PASSED] - Send request successfully&#xD;
&#xD;
2019-09-26 15:15:38 - [TEST_STEP][PASSED] - slurper1 = new groovy.json.JsonSlurper(): null&#xD;
&#xD;
2019-09-26 15:15:38 - [TEST_STEP][PASSED] - result1 = slurper1.parseText(responseBodyContent): null&#xD;
&#xD;
2019-09-26 15:15:38 - [TEST_STEP][PASSED] - println("***************************************"): null&#xD;
&#xD;
2019-09-26 15:15:38 - [TEST_STEP][PASSED] - println("THIS IS THE RESPONSE FROM VALIDATEOTP TEST CASE = " + result1): null&#xD;
&#xD;
2019-09-26 15:15:38 - [TEST_STEP][PASSED] - println("***************************************"): null&#xD;
&#xD;
2019-09-26 15:15:38 - [TEST_STEP][PASSED] - value1 = userId: null&#xD;
&#xD;
2019-09-26 15:15:38 - [TEST_STEP][PASSED] - userid = value1: null&#xD;
&#xD;
2019-09-26 15:15:38 - [TEST_STEP][PASSED] - println("***************************************"): null&#xD;
&#xD;
2019-09-26 15:15:38 - [TEST_STEP][PASSED] - println("THE USER ID IS GENARATED  = " + userid): null&#xD;
&#xD;
2019-09-26 15:15:38 - [TEST_STEP][PASSED] - println("***************************************"): null</system-out>
            <system-err></system-err>
        </testcase>
        <testcase name="Test Cases/bInsertUser_CheckInTest" classname="Test Cases/bInsertUser_CheckInTest" status="PASSED">
            <system-out>2019-09-26 15:15:38 - [TEST_CASE][PASSED] - Test Cases/bInsertUser_CheckInTest: Test Cases/bInsertUser_CheckInTest&#xD;
&#xD;
2019-09-26 15:15:38 - [TEST_STEP][PASSED] - chkInID = toString().toUpperCase(): null&#xD;
&#xD;
2019-09-26 15:15:38 - [TEST_STEP][PASSED] - println(chkInID): null&#xD;
&#xD;
2019-09-26 15:15:38 - [TEST_STEP][PASSED] - f = new java.io.File(D:\SmartDoxApiResponse\CtID.txt): null&#xD;
&#xD;
2019-09-26 15:15:38 - [TEST_STEP][PASSED] - f.write(chkInID): null&#xD;
&#xD;
2019-09-26 15:15:38 - [TEST_STEP][PASSED] - now = new java.util.Date(): null&#xD;
&#xD;
2019-09-26 15:15:38 - [TEST_STEP][PASSED] - chkInTime = now.format("dd-MM-YYYY HH:mm:ss +5:30"): null&#xD;
&#xD;
2019-09-26 15:15:38 - [TEST_STEP][PASSED] - println(chkInTime): null&#xD;
&#xD;
2019-09-26 15:15:38 - [TEST_STEP][PASSED] - resp3 = sendRequest(findTestObject("bInsert User CheckIn", ["uniqueToken":uniquetoken, "userId":userid, "checkInTime":chkInTime, "checkInID":chkInID, "checkinLocality":checkinLocality])): Send request successfully&#xD;
&#xD;
2019-09-26 15:15:39 - [MESSAGE][INFO] - HAR: C:\Users\rajesh.veeranna\Katalon Studio\SmartIndonasia\Reports\20190926_151529\SMARTINDONASIA_API_SmokeTest\20190926_151529\requests\main\4.har&#xD;
&#xD;
2019-09-26 15:15:39 - [MESSAGE][PASSED] - Send request successfully&#xD;
&#xD;
2019-09-26 15:15:39 - [TEST_STEP][PASSED] - slurper3 = new groovy.json.JsonSlurper(): null&#xD;
&#xD;
2019-09-26 15:15:39 - [TEST_STEP][PASSED] - result3 = slurper3.parseText(resp3.getResponseText()): null&#xD;
&#xD;
2019-09-26 15:15:39 - [TEST_STEP][PASSED] - println("***************************************
"): null&#xD;
&#xD;
2019-09-26 15:15:39 - [TEST_STEP][PASSED] - println("THIS IS THE RESPONSE FROM USER_CHECKIN TEST CASE = " + result3): null&#xD;
&#xD;
2019-09-26 15:15:39 - [TEST_STEP][PASSED] - println("***************************************
"): null&#xD;
&#xD;
2019-09-26 15:15:39 - [TEST_STEP][PASSED] - toString().split(chkInID, 0): null&#xD;
&#xD;
2019-09-26 15:15:39 - [TEST_STEP][PASSED] - value3 = toString().substring(11, 47): null&#xD;
&#xD;
2019-09-26 15:15:39 - [TEST_STEP][PASSED] - println(value3): null&#xD;
&#xD;
2019-09-26 15:15:39 - [TEST_STEP][PASSED] - println("THE CHECKIN  iD IS   = " + value3): null&#xD;
&#xD;
2019-09-26 15:15:39 - [TEST_STEP][PASSED] - f = new java.io.File(D:\Checkin_ID.txt): null&#xD;
&#xD;
2019-09-26 15:15:39 - [TEST_STEP][PASSED] - f.write(value3): null</system-out>
            <system-err></system-err>
        </testcase>
        <testcase name="Test Cases/bUpdateUser_CheckInTest" classname="Test Cases/bUpdateUser_CheckInTest" status="PASSED">
            <system-out>2019-09-26 15:15:39 - [TEST_CASE][PASSED] - Test Cases/bUpdateUser_CheckInTest: Test Cases/bUpdateUser_CheckInTest&#xD;
&#xD;
2019-09-26 15:15:39 - [TEST_STEP][PASSED] - file3 = new java.io.File(D:\Checkin_ID.txt): null&#xD;
&#xD;
2019-09-26 15:15:39 - [TEST_STEP][PASSED] - checkinID = file3.readLines(): null&#xD;
&#xD;
2019-09-26 15:15:39 - [TEST_STEP][PASSED] - println("--------------&gt;" + checkinID): null&#xD;
&#xD;
2019-09-26 15:15:39 - [TEST_STEP][PASSED] - now1 = new java.util.Date(): null&#xD;
&#xD;
2019-09-26 15:15:39 - [TEST_STEP][PASSED] - chkOutTime = now1.format("dd-MM-YYYY HH:mm:ss +5:30"): null&#xD;
&#xD;
2019-09-26 15:15:39 - [TEST_STEP][PASSED] - println(chkOutTime): null&#xD;
&#xD;
2019-09-26 15:15:39 - [TEST_STEP][PASSED] - resp4 = sendRequest(findTestObject("bUpdate User CheckIn", ["uniqueToken":uniquetoken, "userId":userid, "checkinID":checkinID, "checkedOutTime":chkOutTime])): Send request successfully&#xD;
&#xD;
2019-09-26 15:15:40 - [MESSAGE][INFO] - HAR: C:\Users\rajesh.veeranna\Katalon Studio\SmartIndonasia\Reports\20190926_151529\SMARTINDONASIA_API_SmokeTest\20190926_151529\requests\main\5.har&#xD;
&#xD;
2019-09-26 15:15:40 - [MESSAGE][PASSED] - Send request successfully</system-out>
            <system-err></system-err>
        </testcase>
        <testcase name="Test Cases/cInsertTripDetails_Test" classname="Test Cases/cInsertTripDetails_Test" status="PASSED">
            <system-out>2019-09-26 15:15:40 - [TEST_CASE][PASSED] - Test Cases/cInsertTripDetails_Test: Test Cases/cInsertTripDetails_Test&#xD;
&#xD;
2019-09-26 15:15:40 - [TEST_STEP][PASSED] - sendRequestAndVerify(findTestObject("aValidate OTP", ["uniqueToken":uniquetoken, "userId":userid])): Send request and verify the response successfully&#xD;
&#xD;
2019-09-26 15:15:40 - [MESSAGE][INFO] - HAR: C:\Users\rajesh.veeranna\Katalon Studio\SmartIndonasia\Reports\20190926_151529\SMARTINDONASIA_API_SmokeTest\20190926_151529\requests\main\6.har&#xD;
&#xD;
2019-09-26 15:15:40 - [TEST_CASE][PASSED] - Start Test Case : Verification: Verification accomplished successfully&#xD;
&#xD;
2019-09-26 15:15:41 - [TEST_STEP][PASSED] - request = getInstance().getCurrentRequest(): null&#xD;
&#xD;
2019-09-26 15:15:41 - [TEST_STEP][PASSED] - response = getInstance().getCurrentResponse(): null&#xD;
&#xD;
2019-09-26 15:15:41 - [MESSAGE][PASSED] - Verify response successfully&#xD;
&#xD;
2019-09-26 15:15:41 - [MESSAGE][PASSED] - Send request and verify the response successfully&#xD;
&#xD;
2019-09-26 15:15:41 - [TEST_STEP][PASSED] - triPID = toString().toUpperCase(): null&#xD;
&#xD;
2019-09-26 15:15:41 - [TEST_STEP][PASSED] - println(triPID): null&#xD;
&#xD;
2019-09-26 15:15:41 - [TEST_STEP][PASSED] - now = new java.util.Date(): null&#xD;
&#xD;
2019-09-26 15:15:41 - [TEST_STEP][PASSED] - tiMe = now.format("dd-MM-YYYY HH:mm:ss +5:30"): null&#xD;
&#xD;
2019-09-26 15:15:41 - [TEST_STEP][PASSED] - println(tiMe): null&#xD;
&#xD;
2019-09-26 15:15:41 - [TEST_STEP][PASSED] - resp2 = sendRequest(findTestObject("cInsert Trip Detail", ["uniqueToken":uniquetoken, "userId":userid, "tripid":triPID, "startriptime":tiMe, "startripLocality":startripLocality])): Send request successfully&#xD;
&#xD;
2019-09-26 15:15:41 - [MESSAGE][INFO] - HAR: C:\Users\rajesh.veeranna\Katalon Studio\SmartIndonasia\Reports\20190926_151529\SMARTINDONASIA_API_SmokeTest\20190926_151529\requests\main\7.har&#xD;
&#xD;
2019-09-26 15:15:41 - [MESSAGE][PASSED] - Send request successfully&#xD;
&#xD;
2019-09-26 15:15:41 - [TEST_STEP][PASSED] - slurper2 = new groovy.json.JsonSlurper(): null&#xD;
&#xD;
2019-09-26 15:15:41 - [TEST_STEP][PASSED] - result2 = slurper2.parseText(resp2.getResponseText()): null&#xD;
&#xD;
2019-09-26 15:15:41 - [TEST_STEP][PASSED] - println("***************************************
"): null&#xD;
&#xD;
2019-09-26 15:15:41 - [TEST_STEP][PASSED] - println("THIS IS THE RESPONSE FROM INSERT TRIP DETAILS  TEST CASE = " + result2): null&#xD;
&#xD;
2019-09-26 15:15:41 - [TEST_STEP][PASSED] - println("***************************************
"): null&#xD;
&#xD;
2019-09-26 15:15:41 - [TEST_STEP][PASSED] - toString().split(triPID, 0): null&#xD;
&#xD;
2019-09-26 15:15:41 - [TEST_STEP][PASSED] - value2 = toString().substring(25, 61): null&#xD;
&#xD;
2019-09-26 15:15:41 - [TEST_STEP][PASSED] - println(value2): null&#xD;
&#xD;
2019-09-26 15:15:41 - [TEST_STEP][PASSED] - println("THE TRIP iD IS   = " + value2): null&#xD;
&#xD;
2019-09-26 15:15:41 - [TEST_STEP][PASSED] - f = new java.io.File(D:\InsertTripDetails_ID.txt): null&#xD;
&#xD;
2019-09-26 15:15:41 - [TEST_STEP][PASSED] - f.write(value2): null</system-out>
            <system-err></system-err>
        </testcase>
        <testcase name="Test Cases/cUpdateTripDetails_Test" classname="Test Cases/cUpdateTripDetails_Test" status="PASSED">
            <system-out>2019-09-26 15:15:41 - [TEST_CASE][PASSED] - Test Cases/cUpdateTripDetails_Test: Test Cases/cUpdateTripDetails_Test&#xD;
&#xD;
2019-09-26 15:15:42 - [TEST_STEP][PASSED] - file1 = new java.io.File(D:\InsertTripDetails_ID.txt): null&#xD;
&#xD;
2019-09-26 15:15:42 - [TEST_STEP][PASSED] - triPID = file1.readLines(): null&#xD;
&#xD;
2019-09-26 15:15:42 - [TEST_STEP][PASSED] - println("--------------&gt;" + triPID): null&#xD;
&#xD;
2019-09-26 15:15:42 - [TEST_STEP][PASSED] - sendRequest(findTestObject("aValidate OTP", ["uniqueToken":uniquetoken, "userId":userid])): Send request successfully&#xD;
&#xD;
2019-09-26 15:15:42 - [MESSAGE][INFO] - HAR: C:\Users\rajesh.veeranna\Katalon Studio\SmartIndonasia\Reports\20190926_151529\SMARTINDONASIA_API_SmokeTest\20190926_151529\requests\main\8.har&#xD;
&#xD;
2019-09-26 15:15:42 - [MESSAGE][PASSED] - Send request successfully&#xD;
&#xD;
2019-09-26 15:15:42 - [TEST_STEP][PASSED] - sendRequest(findTestObject("cUpdate Trip Detail", ["uptripiD":triPID, "userId":userid])): Send request successfully&#xD;
&#xD;
2019-09-26 15:15:42 - [MESSAGE][INFO] - HAR: C:\Users\rajesh.veeranna\Katalon Studio\SmartIndonasia\Reports\20190926_151529\SMARTINDONASIA_API_SmokeTest\20190926_151529\requests\main\9.har&#xD;
&#xD;
2019-09-26 15:15:42 - [MESSAGE][PASSED] - Send request successfully</system-out>
            <system-err></system-err>
        </testcase>
        <testcase name="Test Cases/d.VersionMaster_Test" classname="Test Cases/d.VersionMaster_Test" status="PASSED">
            <system-out>2019-09-26 15:15:42 - [TEST_CASE][PASSED] - Test Cases/d.VersionMaster_Test: Test Cases/d.VersionMaster_Test&#xD;
&#xD;
2019-09-26 15:15:42 - [TEST_STEP][PASSED] - sendRequestAndVerify(findTestObject("d.Version Master", ["uniqueToken":uniquetoken])): Send request and verify the response successfully&#xD;
&#xD;
2019-09-26 15:15:43 - [MESSAGE][INFO] - HAR: C:\Users\rajesh.veeranna\Katalon Studio\SmartIndonasia\Reports\20190926_151529\SMARTINDONASIA_API_SmokeTest\20190926_151529\requests\main\10.har&#xD;
&#xD;
2019-09-26 15:15:43 - [TEST_CASE][PASSED] - Start Test Case : Verification: Verification accomplished successfully&#xD;
&#xD;
2019-09-26 15:15:43 - [TEST_STEP][PASSED] - request = getInstance().getCurrentRequest(): null&#xD;
&#xD;
2019-09-26 15:15:43 - [TEST_STEP][PASSED] - response = getInstance().getCurrentResponse(): null&#xD;
&#xD;
2019-09-26 15:15:43 - [TEST_STEP][PASSED] - verifyElementPropertyValue(response, "[3].versionTableId", "54b4256c-dc5d-410f-b79a-786233d0d5e6"): Verify element property value successfully&#xD;
&#xD;
2019-09-26 15:15:43 - [MESSAGE][PASSED] - Verify element property value successfully&#xD;
&#xD;
2019-09-26 15:15:43 - [TEST_STEP][PASSED] - verifyElementPropertyValue(response, "[3].tableName", "LeaveTypeMaster"): Verify element property value successfully&#xD;
&#xD;
2019-09-26 15:15:43 - [MESSAGE][PASSED] - Verify element property value successfully&#xD;
&#xD;
2019-09-26 15:15:43 - [TEST_STEP][PASSED] - verifyResponseStatusCode(response, 200): Verify response status code successfully&#xD;
&#xD;
2019-09-26 15:15:43 - [MESSAGE][PASSED] - Verify response status code successfully&#xD;
&#xD;
2019-09-26 15:15:43 - [TEST_STEP][PASSED] - getStatusCode()).isEqualTo(200): null&#xD;
&#xD;
2019-09-26 15:15:43 - [MESSAGE][PASSED] - Verify response successfully&#xD;
&#xD;
2019-09-26 15:15:43 - [MESSAGE][PASSED] - Send request and verify the response successfully</system-out>
            <system-err></system-err>
        </testcase>
        <testcase name="Test Cases/dLeaveType_Test" classname="Test Cases/dLeaveType_Test" status="PASSED">
            <system-out>2019-09-26 15:15:43 - [TEST_CASE][PASSED] - Test Cases/dLeaveType_Test: Test Cases/dLeaveType_Test&#xD;
&#xD;
2019-09-26 15:15:43 - [TEST_STEP][PASSED] - sendRequestAndVerify(findTestObject("eLeave Type", ["versiontableId":versiontableId, "userId":userid, "uniqueToken":uniquetoken])): Send request and verify the response successfully&#xD;
&#xD;
2019-09-26 15:15:44 - [MESSAGE][INFO] - HAR: C:\Users\rajesh.veeranna\Katalon Studio\SmartIndonasia\Reports\20190926_151529\SMARTINDONASIA_API_SmokeTest\20190926_151529\requests\main\11.har&#xD;
&#xD;
2019-09-26 15:15:44 - [TEST_CASE][PASSED] - Start Test Case : Verification: Verification accomplished successfully&#xD;
&#xD;
2019-09-26 15:15:44 - [TEST_STEP][PASSED] - request = getInstance().getCurrentRequest(): null&#xD;
&#xD;
2019-09-26 15:15:44 - [TEST_STEP][PASSED] - response = getInstance().getCurrentResponse(): null&#xD;
&#xD;
2019-09-26 15:15:44 - [TEST_STEP][PASSED] - verifyElementPropertyValue(response, "leaveInfo[0].leaveTypeId", 1): Verify element property value successfully&#xD;
&#xD;
2019-09-26 15:15:44 - [MESSAGE][PASSED] - Verify element property value successfully&#xD;
&#xD;
2019-09-26 15:15:44 - [TEST_STEP][PASSED] - verifyElementPropertyValue(response, "leaveInfo[0].leaveType", "Annual Leave"): Verify element property value successfully&#xD;
&#xD;
2019-09-26 15:15:44 - [MESSAGE][PASSED] - Verify element property value successfully&#xD;
&#xD;
2019-09-26 15:15:44 - [TEST_STEP][PASSED] - verifyElementPropertyValue(response, "leaveInfo[1].leaveTypeId", 2): Verify element property value successfully&#xD;
&#xD;
2019-09-26 15:15:44 - [MESSAGE][PASSED] - Verify element property value successfully&#xD;
&#xD;
2019-09-26 15:15:44 - [TEST_STEP][PASSED] - verifyElementPropertyValue(response, "leaveInfo[1].leaveType", "Public Holiday"): Verify element property value successfully&#xD;
&#xD;
2019-09-26 15:15:44 - [MESSAGE][PASSED] - Verify element property value successfully&#xD;
&#xD;
2019-09-26 15:15:44 - [TEST_STEP][PASSED] - verifyElementPropertyValue(response, "leaveInfo[2].leaveTypeId", 3): Verify element property value successfully&#xD;
&#xD;
2019-09-26 15:15:44 - [MESSAGE][PASSED] - Verify element property value successfully&#xD;
&#xD;
2019-09-26 15:15:44 - [TEST_STEP][PASSED] - verifyElementPropertyValue(response, "leaveInfo[2].leaveType", "Sick Leave"): Verify element property value successfully&#xD;
&#xD;
2019-09-26 15:15:44 - [MESSAGE][PASSED] - Verify element property value successfully&#xD;
&#xD;
2019-09-26 15:15:44 - [TEST_STEP][PASSED] - verifyResponseStatusCode(response, 200): Verify response status code successfully&#xD;
&#xD;
2019-09-26 15:15:44 - [MESSAGE][PASSED] - Verify response status code successfully&#xD;
&#xD;
2019-09-26 15:15:44 - [TEST_STEP][PASSED] - getStatusCode()).isEqualTo(200): null&#xD;
&#xD;
2019-09-26 15:15:44 - [MESSAGE][PASSED] - Verify response successfully&#xD;
&#xD;
2019-09-26 15:15:44 - [MESSAGE][PASSED] - Send request and verify the response successfully</system-out>
            <system-err></system-err>
        </testcase>
        <testcase name="Test Cases/eLeaveApplication_Test" classname="Test Cases/eLeaveApplication_Test" status="PASSED">
            <system-out>2019-09-26 15:15:44 - [TEST_CASE][PASSED] - Test Cases/eLeaveApplication_Test: Test Cases/eLeaveApplication_Test&#xD;
&#xD;
2019-09-26 15:15:44 - [TEST_STEP][PASSED] - sendRequestAndVerify(findTestObject("eLeave Application", ["leavetypeId":leavetypeId, "fromdaTe":fromdaTe, "todaTe":todaTe, "commenTs":commenTs, "userId":userid, "uniqueToken":uniquetoken])): Send request and verify the response successfully&#xD;
&#xD;
2019-09-26 15:15:44 - [MESSAGE][INFO] - HAR: C:\Users\rajesh.veeranna\Katalon Studio\SmartIndonasia\Reports\20190926_151529\SMARTINDONASIA_API_SmokeTest\20190926_151529\requests\main\12.har&#xD;
&#xD;
2019-09-26 15:15:44 - [TEST_CASE][PASSED] - Start Test Case : Verification: Verification accomplished successfully&#xD;
&#xD;
2019-09-26 15:15:45 - [TEST_STEP][PASSED] - request = getInstance().getCurrentRequest(): null&#xD;
&#xD;
2019-09-26 15:15:45 - [TEST_STEP][PASSED] - response = getInstance().getCurrentResponse(): null&#xD;
&#xD;
2019-09-26 15:15:45 - [TEST_STEP][PASSED] - verifyElementPropertyValue(response, "message", "Leave Applied Successfully"): Verify element property value successfully&#xD;
&#xD;
2019-09-26 15:15:45 - [MESSAGE][PASSED] - Verify element property value successfully&#xD;
&#xD;
2019-09-26 15:15:45 - [TEST_STEP][PASSED] - verifyResponseStatusCode(response, 200): Verify response status code successfully&#xD;
&#xD;
2019-09-26 15:15:45 - [MESSAGE][PASSED] - Verify response status code successfully&#xD;
&#xD;
2019-09-26 15:15:45 - [TEST_STEP][PASSED] - getStatusCode()).isEqualTo(200): null&#xD;
&#xD;
2019-09-26 15:15:45 - [MESSAGE][PASSED] - Verify response successfully&#xD;
&#xD;
2019-09-26 15:15:45 - [MESSAGE][PASSED] - Send request and verify the response successfully</system-out>
            <system-err></system-err>
        </testcase>
        <testcase name="Test Cases/eLeaveCancelApplicationTest" classname="Test Cases/eLeaveCancelApplicationTest" status="PASSED">
            <system-out>2019-09-26 15:15:45 - [TEST_CASE][PASSED] - Test Cases/eLeaveCancelApplicationTest: Test Cases/eLeaveCancelApplicationTest&#xD;
&#xD;
2019-09-26 15:15:45 - [TEST_STEP][PASSED] - sendRequestAndVerify(findTestObject("eLeave Cancel Application", ["userId":userid, "uniqueToken":uniquetoken, "fromdaTe":fromdaTe, "todaTe":todaTe])): Send request and verify the response successfully&#xD;
&#xD;
2019-09-26 15:15:45 - [MESSAGE][INFO] - HAR: C:\Users\rajesh.veeranna\Katalon Studio\SmartIndonasia\Reports\20190926_151529\SMARTINDONASIA_API_SmokeTest\20190926_151529\requests\main\13.har&#xD;
&#xD;
2019-09-26 15:15:45 - [TEST_CASE][PASSED] - Start Test Case : Verification: Verification accomplished successfully&#xD;
&#xD;
2019-09-26 15:15:46 - [TEST_STEP][PASSED] - request = getInstance().getCurrentRequest(): null&#xD;
&#xD;
2019-09-26 15:15:46 - [TEST_STEP][PASSED] - response = getInstance().getCurrentResponse(): null&#xD;
&#xD;
2019-09-26 15:15:46 - [TEST_STEP][PASSED] - verifyResponseStatusCode(response, 200): Verify response status code successfully&#xD;
&#xD;
2019-09-26 15:15:46 - [MESSAGE][PASSED] - Verify response status code successfully&#xD;
&#xD;
2019-09-26 15:15:46 - [TEST_STEP][PASSED] - getStatusCode()).isEqualTo(200): null&#xD;
&#xD;
2019-09-26 15:15:46 - [TEST_STEP][PASSED] - verifyElementPropertyValue(response, "message", "Leave Cancel Successfully"): Verify element property value successfully&#xD;
&#xD;
2019-09-26 15:15:46 - [MESSAGE][PASSED] - Verify element property value successfully&#xD;
&#xD;
2019-09-26 15:15:46 - [MESSAGE][PASSED] - Verify response successfully&#xD;
&#xD;
2019-09-26 15:15:46 - [MESSAGE][PASSED] - Send request and verify the response successfully</system-out>
            <system-err></system-err>
        </testcase>
        <testcase name="Test Cases/gCropMasterTest" classname="Test Cases/gCropMasterTest" status="PASSED">
            <system-out>2019-09-26 15:15:46 - [TEST_CASE][PASSED] - Test Cases/gCropMasterTest: Test Cases/gCropMasterTest&#xD;
&#xD;
2019-09-26 15:15:46 - [TEST_STEP][PASSED] - sendRequestAndVerify(findTestObject("gCrop-Master", ["versiontableId":versiontableId, "userId":userid, "uniqueToken":uniquetoken])): Send request and verify the response successfully&#xD;
&#xD;
2019-09-26 15:15:46 - [MESSAGE][INFO] - HAR: C:\Users\rajesh.veeranna\Katalon Studio\SmartIndonasia\Reports\20190926_151529\SMARTINDONASIA_API_SmokeTest\20190926_151529\requests\main\14.har&#xD;
&#xD;
2019-09-26 15:15:47 - [TEST_CASE][PASSED] - Start Test Case : Verification: Verification accomplished successfully&#xD;
&#xD;
2019-09-26 15:15:47 - [TEST_STEP][PASSED] - request = getInstance().getCurrentRequest(): null&#xD;
&#xD;
2019-09-26 15:15:47 - [TEST_STEP][PASSED] - response = getInstance().getCurrentResponse(): null&#xD;
&#xD;
2019-09-26 15:15:47 - [TEST_STEP][PASSED] - verifyResponseStatusCode(response, 200): Verify response status code successfully&#xD;
&#xD;
2019-09-26 15:15:47 - [MESSAGE][PASSED] - Verify response status code successfully&#xD;
&#xD;
2019-09-26 15:15:47 - [TEST_STEP][PASSED] - getStatusCode()).isEqualTo(200): null&#xD;
&#xD;
2019-09-26 15:15:47 - [TEST_STEP][PASSED] - verifyElementPropertyValue(response, "cropInfo[0].cropName", "Corn"): Verify element property value successfully&#xD;
&#xD;
2019-09-26 15:15:47 - [MESSAGE][PASSED] - Verify element property value successfully&#xD;
&#xD;
2019-09-26 15:15:47 - [TEST_STEP][PASSED] - verifyElementPropertyValue(response, "cropInfo[0].cropId", "3fae2c89-2173-4bda-a49b-1c27b5fc5e07"): Verify element property value successfully&#xD;
&#xD;
2019-09-26 15:15:47 - [MESSAGE][PASSED] - Verify element property value successfully&#xD;
&#xD;
2019-09-26 15:15:47 - [TEST_STEP][PASSED] - verifyElementPropertyValue(response, "cropInfo[1].cropName", "Vegetables"): Verify element property value successfully&#xD;
&#xD;
2019-09-26 15:15:47 - [MESSAGE][PASSED] - Verify element property value successfully&#xD;
&#xD;
2019-09-26 15:15:47 - [TEST_STEP][PASSED] - verifyElementPropertyValue(response, "cropInfo[1].cropId", "7a9cc341-d6d3-4858-91de-27f0c1969218"): Verify element property value successfully&#xD;
&#xD;
2019-09-26 15:15:47 - [MESSAGE][PASSED] - Verify element property value successfully&#xD;
&#xD;
2019-09-26 15:15:47 - [TEST_STEP][PASSED] - verifyElementPropertyValue(response, "cropInfo[2].cropName", "Plantation"): Verify element property value successfully&#xD;
&#xD;
2019-09-26 15:15:47 - [MESSAGE][PASSED] - Verify element property value successfully&#xD;
&#xD;
2019-09-26 15:15:47 - [TEST_STEP][PASSED] - verifyElementPropertyValue(response, "cropInfo[2].cropId", "b43f3a40-78a4-4f63-b0a3-e0582b21847d"): Verify element property value successfully&#xD;
&#xD;
2019-09-26 15:15:47 - [MESSAGE][PASSED] - Verify element property value successfully&#xD;
&#xD;
2019-09-26 15:15:47 - [TEST_STEP][PASSED] - verifyElementPropertyValue(response, "cropInfo[3].cropName", "Rice"): Verify element property value successfully&#xD;
&#xD;
2019-09-26 15:15:47 - [MESSAGE][PASSED] - Verify element property value successfully&#xD;
&#xD;
2019-09-26 15:15:47 - [TEST_STEP][PASSED] - verifyElementPropertyValue(response, "cropInfo[3].cropId", "a49318df-a1aa-41bf-8114-ff0b702a403c"): Verify element property value successfully&#xD;
&#xD;
2019-09-26 15:15:47 - [MESSAGE][PASSED] - Verify element property value successfully&#xD;
&#xD;
2019-09-26 15:15:47 - [MESSAGE][PASSED] - Verify response successfully&#xD;
&#xD;
2019-09-26 15:15:47 - [MESSAGE][PASSED] - Send request and verify the response successfully</system-out>
            <system-err></system-err>
        </testcase>
        <testcase name="Test Cases/hProductMaster_Test" classname="Test Cases/hProductMaster_Test" status="PASSED">
            <system-out>2019-09-26 15:15:47 - [TEST_CASE][PASSED] - Test Cases/hProductMaster_Test: Test Cases/hProductMaster_Test&#xD;
&#xD;
2019-09-26 15:15:47 - [TEST_STEP][PASSED] - sendRequestAndVerify(findTestObject("iUser_Crop_Product", ["versiontableId":"", "userId":userid, "uniqueToken":uniquetoken])): Send request and verify the response successfully&#xD;
&#xD;
2019-09-26 15:15:47 - [MESSAGE][INFO] - HAR: C:\Users\rajesh.veeranna\Katalon Studio\SmartIndonasia\Reports\20190926_151529\SMARTINDONASIA_API_SmokeTest\20190926_151529\requests\main\15.har&#xD;
&#xD;
2019-09-26 15:15:47 - [TEST_CASE][PASSED] - Start Test Case : Verification: Verification accomplished successfully&#xD;
&#xD;
2019-09-26 15:15:48 - [TEST_STEP][PASSED] - request = getInstance().getCurrentRequest(): null&#xD;
&#xD;
2019-09-26 15:15:48 - [TEST_STEP][PASSED] - response = getInstance().getCurrentResponse(): null&#xD;
&#xD;
2019-09-26 15:15:48 - [TEST_STEP][PASSED] - verifyElementPropertyValue(response, "cropproductinfo[0].cropId", "3fae2c89-2173-4bda-a49b-1c27b5fc5e07"): Verify element property value successfully&#xD;
&#xD;
2019-09-26 15:15:48 - [MESSAGE][PASSED] - Verify element property value successfully&#xD;
&#xD;
2019-09-26 15:15:48 - [TEST_STEP][PASSED] - verifyElementPropertyValue(response, "cropproductinfo[0].cropName", "Corn"): Verify element property value successfully&#xD;
&#xD;
2019-09-26 15:15:48 - [MESSAGE][PASSED] - Verify element property value successfully&#xD;
&#xD;
2019-09-26 15:15:48 - [TEST_STEP][PASSED] - verifyElementPropertyValue(response, "cropproductinfo[0].products[6].productId", "71471df5-c30b-474a-8479-472d9aabf96e"): Verify element property value successfully&#xD;
&#xD;
2019-09-26 15:15:48 - [MESSAGE][PASSED] - Verify element property value successfully&#xD;
&#xD;
2019-09-26 15:15:48 - [TEST_STEP][PASSED] - verifyElementPropertyValue(response, "cropproductinfo[0].products[6].productName", "P36"): Verify element property value successfully&#xD;
&#xD;
2019-09-26 15:15:48 - [MESSAGE][PASSED] - Verify element property value successfully&#xD;
&#xD;
2019-09-26 15:15:48 - [TEST_STEP][PASSED] - verifyResponseStatusCode(response, 200): Verify response status code successfully&#xD;
&#xD;
2019-09-26 15:15:48 - [MESSAGE][PASSED] - Verify response status code successfully&#xD;
&#xD;
2019-09-26 15:15:48 - [TEST_STEP][PASSED] - getStatusCode()).isEqualTo(200): null&#xD;
&#xD;
2019-09-26 15:15:48 - [MESSAGE][PASSED] - Verify response successfully&#xD;
&#xD;
2019-09-26 15:15:48 - [MESSAGE][PASSED] - Send request and verify the response successfully</system-out>
            <system-err></system-err>
        </testcase>
        <testcase name="Test Cases/iUserCropProduct_Test" classname="Test Cases/iUserCropProduct_Test" status="PASSED">
            <system-out>2019-09-26 15:15:48 - [TEST_CASE][PASSED] - Test Cases/iUserCropProduct_Test: Test Cases/iUserCropProduct_Test&#xD;
&#xD;
2019-09-26 15:15:48 - [TEST_STEP][PASSED] - sendRequestAndVerify(findTestObject("iUser_Crop_Product", ["versiontableId":"", "userId":userid, "uniqueToken":uniquetoken])): Send request and verify the response successfully&#xD;
&#xD;
2019-09-26 15:15:48 - [MESSAGE][INFO] - HAR: C:\Users\rajesh.veeranna\Katalon Studio\SmartIndonasia\Reports\20190926_151529\SMARTINDONASIA_API_SmokeTest\20190926_151529\requests\main\16.har&#xD;
&#xD;
2019-09-26 15:15:48 - [TEST_CASE][PASSED] - Start Test Case : Verification: Verification accomplished successfully&#xD;
&#xD;
2019-09-26 15:15:48 - [TEST_STEP][PASSED] - request = getInstance().getCurrentRequest(): null&#xD;
&#xD;
2019-09-26 15:15:48 - [TEST_STEP][PASSED] - response = getInstance().getCurrentResponse(): null&#xD;
&#xD;
2019-09-26 15:15:48 - [TEST_STEP][PASSED] - verifyElementPropertyValue(response, "cropproductinfo[0].cropId", "3fae2c89-2173-4bda-a49b-1c27b5fc5e07"): Verify element property value successfully&#xD;
&#xD;
2019-09-26 15:15:49 - [MESSAGE][PASSED] - Verify element property value successfully&#xD;
&#xD;
2019-09-26 15:15:49 - [TEST_STEP][PASSED] - verifyElementPropertyValue(response, "cropproductinfo[0].cropName", "Corn"): Verify element property value successfully&#xD;
&#xD;
2019-09-26 15:15:49 - [MESSAGE][PASSED] - Verify element property value successfully&#xD;
&#xD;
2019-09-26 15:15:49 - [TEST_STEP][PASSED] - verifyElementPropertyValue(response, "cropproductinfo[0].products[6].productId", "71471df5-c30b-474a-8479-472d9aabf96e"): Verify element property value successfully&#xD;
&#xD;
2019-09-26 15:15:49 - [MESSAGE][PASSED] - Verify element property value successfully&#xD;
&#xD;
2019-09-26 15:15:49 - [TEST_STEP][PASSED] - verifyElementPropertyValue(response, "cropproductinfo[0].products[6].productName", "P36"): Verify element property value successfully&#xD;
&#xD;
2019-09-26 15:15:49 - [MESSAGE][PASSED] - Verify element property value successfully&#xD;
&#xD;
2019-09-26 15:15:49 - [TEST_STEP][PASSED] - verifyResponseStatusCode(response, 200): Verify response status code successfully&#xD;
&#xD;
2019-09-26 15:15:49 - [MESSAGE][PASSED] - Verify response status code successfully&#xD;
&#xD;
2019-09-26 15:15:49 - [TEST_STEP][PASSED] - getStatusCode()).isEqualTo(200): null&#xD;
&#xD;
2019-09-26 15:15:49 - [MESSAGE][PASSED] - Verify response successfully&#xD;
&#xD;
2019-09-26 15:15:49 - [MESSAGE][PASSED] - Send request and verify the response successfully</system-out>
            <system-err></system-err>
        </testcase>
        <testcase name="Test Cases/jUserGeographyDetails_Test" classname="Test Cases/jUserGeographyDetails_Test" status="PASSED">
            <system-out>2019-09-26 15:15:49 - [TEST_CASE][PASSED] - Test Cases/jUserGeographyDetails_Test: Test Cases/jUserGeographyDetails_Test&#xD;
&#xD;
2019-09-26 15:15:49 - [TEST_STEP][PASSED] - sendRequestAndVerify(findTestObject("jUser Geography Details", ["versiontableId":versiontableId, "userId":userid, "uniqueToken":uniquetoken])): Send request and verify the response successfully&#xD;
&#xD;
2019-09-26 15:15:49 - [MESSAGE][INFO] - HAR: C:\Users\rajesh.veeranna\Katalon Studio\SmartIndonasia\Reports\20190926_151529\SMARTINDONASIA_API_SmokeTest\20190926_151529\requests\main\17.har&#xD;
&#xD;
2019-09-26 15:15:49 - [TEST_CASE][PASSED] - Start Test Case : Verification: Verification accomplished successfully&#xD;
&#xD;
2019-09-26 15:15:49 - [TEST_STEP][PASSED] - request = getInstance().getCurrentRequest(): null&#xD;
&#xD;
2019-09-26 15:15:50 - [TEST_STEP][PASSED] - response = getInstance().getCurrentResponse(): null&#xD;
&#xD;
2019-09-26 15:15:50 - [TEST_STEP][PASSED] - verifyResponseStatusCode(response, 200): Verify response status code successfully&#xD;
&#xD;
2019-09-26 15:15:50 - [MESSAGE][PASSED] - Verify response status code successfully&#xD;
&#xD;
2019-09-26 15:15:50 - [TEST_STEP][PASSED] - getStatusCode()).isEqualTo(200): null&#xD;
&#xD;
2019-09-26 15:15:50 - [MESSAGE][PASSED] - Verify response successfully&#xD;
&#xD;
2019-09-26 15:15:50 - [MESSAGE][PASSED] - Send request and verify the response successfully</system-out>
            <system-err></system-err>
        </testcase>
        <testcase name="Test Cases/kUserTimeline_Test" classname="Test Cases/kUserTimeline_Test" status="PASSED">
            <system-out>2019-09-26 15:15:50 - [TEST_CASE][PASSED] - Test Cases/kUserTimeline_Test: Test Cases/kUserTimeline_Test&#xD;
&#xD;
2019-09-26 15:15:50 - [TEST_STEP][PASSED] - sendRequestAndVerify(findTestObject("kUserTimeline", ["fromdaTe":fromdaTe, "todaTe":todaTe, "userId":userid, "uniqueToken":uniquetoken])): Send request and verify the response successfully&#xD;
&#xD;
2019-09-26 15:15:50 - [MESSAGE][INFO] - HAR: C:\Users\rajesh.veeranna\Katalon Studio\SmartIndonasia\Reports\20190926_151529\SMARTINDONASIA_API_SmokeTest\20190926_151529\requests\main\18.har&#xD;
&#xD;
2019-09-26 15:15:50 - [TEST_CASE][PASSED] - Start Test Case : Verification: Verification accomplished successfully&#xD;
&#xD;
2019-09-26 15:15:50 - [TEST_STEP][PASSED] - request = getInstance().getCurrentRequest(): null&#xD;
&#xD;
2019-09-26 15:15:51 - [TEST_STEP][PASSED] - response = getInstance().getCurrentResponse(): null&#xD;
&#xD;
2019-09-26 15:15:51 - [TEST_STEP][PASSED] - verifyResponseStatusCode(response, 200): Verify response status code successfully&#xD;
&#xD;
2019-09-26 15:15:51 - [MESSAGE][PASSED] - Verify response status code successfully&#xD;
&#xD;
2019-09-26 15:15:51 - [TEST_STEP][PASSED] - getStatusCode()).isEqualTo(200): null&#xD;
&#xD;
2019-09-26 15:15:51 - [MESSAGE][PASSED] - Verify response successfully&#xD;
&#xD;
2019-09-26 15:15:51 - [MESSAGE][PASSED] - Send request and verify the response successfully</system-out>
            <system-err></system-err>
        </testcase>
        <testcase name="Test Cases/lSeverityMaster_Test" classname="Test Cases/lSeverityMaster_Test" status="PASSED">
            <system-out>2019-09-26 15:15:51 - [TEST_CASE][PASSED] - Test Cases/lSeverityMaster_Test: Test Cases/lSeverityMaster_Test&#xD;
&#xD;
2019-09-26 15:15:51 - [TEST_STEP][PASSED] - sendRequestAndVerify(findTestObject("lSeverity Master", ["versiontableId":versiontableId, "userId":userid, "uniqueToken":uniquetoken])): Send request and verify the response successfully&#xD;
&#xD;
2019-09-26 15:15:51 - [MESSAGE][INFO] - HAR: C:\Users\rajesh.veeranna\Katalon Studio\SmartIndonasia\Reports\20190926_151529\SMARTINDONASIA_API_SmokeTest\20190926_151529\requests\main\19.har&#xD;
&#xD;
2019-09-26 15:15:51 - [TEST_CASE][PASSED] - Start Test Case : Verification: Verification accomplished successfully&#xD;
&#xD;
2019-09-26 15:15:51 - [TEST_STEP][PASSED] - request = getInstance().getCurrentRequest(): null&#xD;
&#xD;
2019-09-26 15:15:51 - [TEST_STEP][PASSED] - response = getInstance().getCurrentResponse(): null&#xD;
&#xD;
2019-09-26 15:15:51 - [TEST_STEP][PASSED] - verifyResponseStatusCode(response, 200): Verify response status code successfully&#xD;
&#xD;
2019-09-26 15:15:51 - [MESSAGE][PASSED] - Verify response status code successfully&#xD;
&#xD;
2019-09-26 15:15:51 - [TEST_STEP][PASSED] - getStatusCode()).isEqualTo(200): null&#xD;
&#xD;
2019-09-26 15:15:51 - [TEST_STEP][PASSED] - verifyElementPropertyValue(response, "severityInfo[0].severityId", "4706fb46-096d-46e6-a60c-0a4adae4ca14"): Verify element property value successfully&#xD;
&#xD;
2019-09-26 15:15:51 - [MESSAGE][PASSED] - Verify element property value successfully&#xD;
&#xD;
2019-09-26 15:15:51 - [TEST_STEP][PASSED] - verifyElementPropertyValue(response, "severityInfo[8].severityId", "3f8cb36c-a4c0-400a-ae1f-6d8e231b39aa"): Verify element property value successfully&#xD;
&#xD;
2019-09-26 15:15:51 - [MESSAGE][PASSED] - Verify element property value successfully&#xD;
&#xD;
2019-09-26 15:15:51 - [MESSAGE][PASSED] - Verify response successfully&#xD;
&#xD;
2019-09-26 15:15:51 - [MESSAGE][PASSED] - Send request and verify the response successfully</system-out>
            <system-err></system-err>
        </testcase>
        <testcase name="Test Cases/mQuestionAnswerMaster_Test" classname="Test Cases/mQuestionAnswerMaster_Test" status="PASSED">
            <system-out>2019-09-26 15:15:51 - [TEST_CASE][PASSED] - Test Cases/mQuestionAnswerMaster_Test: Test Cases/mQuestionAnswerMaster_Test&#xD;
&#xD;
2019-09-26 15:15:52 - [TEST_STEP][PASSED] - sendRequestAndVerify(findTestObject("mQuestion Answer Master", ["lobID":lobID, "userId":userid, "uniqueToken":uniquetoken])): Send request and verify the response successfully&#xD;
&#xD;
2019-09-26 15:15:52 - [MESSAGE][INFO] - HAR: C:\Users\rajesh.veeranna\Katalon Studio\SmartIndonasia\Reports\20190926_151529\SMARTINDONASIA_API_SmokeTest\20190926_151529\requests\main\20.har&#xD;
&#xD;
2019-09-26 15:15:52 - [TEST_CASE][PASSED] - Start Test Case : Verification: Verification accomplished successfully&#xD;
&#xD;
2019-09-26 15:15:52 - [TEST_STEP][PASSED] - request = getInstance().getCurrentRequest(): null&#xD;
&#xD;
2019-09-26 15:15:52 - [TEST_STEP][PASSED] - response = getInstance().getCurrentResponse(): null&#xD;
&#xD;
2019-09-26 15:15:52 - [TEST_STEP][PASSED] - verifyResponseStatusCode(response, 200): Verify response status code successfully&#xD;
&#xD;
2019-09-26 15:15:52 - [MESSAGE][PASSED] - Verify response status code successfully&#xD;
&#xD;
2019-09-26 15:15:52 - [TEST_STEP][PASSED] - getStatusCode()).isEqualTo(200): null&#xD;
&#xD;
2019-09-26 15:15:52 - [TEST_STEP][PASSED] - verifyElementPropertyValue(response, "questionandAnswers[0].questionId", "51c9869d-f80c-441a-9ffa-37880fb5f80d"): Verify element property value successfully&#xD;
&#xD;
2019-09-26 15:15:52 - [MESSAGE][PASSED] - Verify element property value successfully&#xD;
&#xD;
2019-09-26 15:15:52 - [TEST_STEP][PASSED] - verifyElementPropertyValue(response, "questionandAnswers[5].questionId", "9bd6e5cb-5144-451a-83fe-65b6fc1e2520"): Verify element property value successfully&#xD;
&#xD;
2019-09-26 15:15:52 - [MESSAGE][PASSED] - Verify element property value successfully&#xD;
&#xD;
2019-09-26 15:15:52 - [MESSAGE][PASSED] - Verify response successfully&#xD;
&#xD;
2019-09-26 15:15:52 - [MESSAGE][PASSED] - Send request and verify the response successfully</system-out>
            <system-err></system-err>
        </testcase>
        <testcase name="Test Cases/nHolidayMaster_Test" classname="Test Cases/nHolidayMaster_Test" status="PASSED">
            <system-out>2019-09-26 15:15:52 - [TEST_CASE][PASSED] - Test Cases/nHolidayMaster_Test: Test Cases/nHolidayMaster_Test&#xD;
&#xD;
2019-09-26 15:15:53 - [TEST_STEP][PASSED] - sendRequestAndVerify(findTestObject("nHoliday Master", ["versiontableId":versiontableId, "uniqueToken":uniquetoken, "userId":userid])): Send request and verify the response successfully&#xD;
&#xD;
2019-09-26 15:15:53 - [MESSAGE][INFO] - HAR: C:\Users\rajesh.veeranna\Katalon Studio\SmartIndonasia\Reports\20190926_151529\SMARTINDONASIA_API_SmokeTest\20190926_151529\requests\main\21.har&#xD;
&#xD;
2019-09-26 15:15:53 - [TEST_CASE][PASSED] - Start Test Case : Verification: Verification accomplished successfully&#xD;
&#xD;
2019-09-26 15:15:53 - [TEST_STEP][PASSED] - request = getInstance().getCurrentRequest(): null&#xD;
&#xD;
2019-09-26 15:15:53 - [TEST_STEP][PASSED] - response = getInstance().getCurrentResponse(): null&#xD;
&#xD;
2019-09-26 15:15:53 - [TEST_STEP][PASSED] - verifyElementPropertyValue(response, "holidaysinfo[0].holidayId", "86858bb1-4d53-49cf-bccc-0477e5cb0a8f"): Verify element property value successfully&#xD;
&#xD;
2019-09-26 15:15:53 - [MESSAGE][PASSED] - Verify element property value successfully&#xD;
&#xD;
2019-09-26 15:15:53 - [TEST_STEP][PASSED] - verifyElementPropertyValue(response, "holidaysinfo[19].holidayId", "e6aed40f-28bf-4dfe-9fae-fbe32678c0c8"): Verify element property value successfully&#xD;
&#xD;
2019-09-26 15:15:53 - [MESSAGE][PASSED] - Verify element property value successfully&#xD;
&#xD;
2019-09-26 15:15:53 - [TEST_STEP][PASSED] - verifyResponseStatusCode(response, 200): Verify response status code successfully&#xD;
&#xD;
2019-09-26 15:15:53 - [MESSAGE][PASSED] - Verify response status code successfully&#xD;
&#xD;
2019-09-26 15:15:53 - [TEST_STEP][PASSED] - getStatusCode()).isEqualTo(200): null&#xD;
&#xD;
2019-09-26 15:15:53 - [MESSAGE][PASSED] - Verify response successfully&#xD;
&#xD;
2019-09-26 15:15:53 - [MESSAGE][PASSED] - Send request and verify the response successfully</system-out>
            <system-err></system-err>
        </testcase>
        <testcase name="Test Cases/oRefrenceMaster_Test" classname="Test Cases/oRefrenceMaster_Test" status="FAILED">
            <failure type="FAILED" message="Test Cases/oRefrenceMaster_Test FAILED.&#xA;Reason:&#xA;com.kms.katalon.core.exception.StepFailedException: Expected status code is '200' but actual status code is '404'&#xD;&#xA;&#x9;at com.kms.katalon.core.keyword.internal.KeywordMain.stepFailed(KeywordMain.groovy:50)&#xD;&#xA;&#x9;at com.kms.katalon.core.webservice.keyword.builtin.VerifyResponseStatusCodeKeyword.verifyStatusCode(VerifyResponseStatusCodeKeyword.groovy:52)&#xD;&#xA;&#x9;at com.kms.katalon.core.webservice.keyword.builtin.VerifyResponseStatusCodeKeyword$_verifyResponseStatusCode_closure1.doCall(VerifyResponseStatusCodeKeyword.groovy:42)&#xD;&#xA;&#x9;at com.kms.katalon.core.webservice.keyword.builtin.VerifyResponseStatusCodeKeyword$_verifyResponseStatusCode_closure1.call(VerifyResponseStatusCodeKeyword.groovy)&#xD;&#xA;&#x9;at com.kms.katalon.core.keyword.internal.KeywordMain.runKeyword(KeywordMain.groovy:68)&#xD;&#xA;&#x9;at com.kms.katalon.core.webservice.keyword.builtin.VerifyResponseStatusCodeKeyword.verifyResponseStatusCode(VerifyResponseStatusCodeKeyword.groovy:37)&#xD;&#xA;&#x9;at com.kms.katalon.core.webservice.keyword.builtin.VerifyResponseStatusCodeKeyword.execute(VerifyResponseStatusCodeKeyword.groovy:32)&#xD;&#xA;&#x9;at com.kms.katalon.core.keyword.internal.KeywordExecutor.executeKeywordForPlatform(KeywordExecutor.groovy:56)&#xD;&#xA;&#x9;at com.kms.katalon.core.webservice.keyword.WSBuiltInKeywords.verifyResponseStatusCode(WSBuiltInKeywords.groovy:212)&#xD;&#xA;&#x9;at com.kms.katalon.core.webservice.keyword.WSBuiltInKeywords$verifyResponseStatusCode$1.call(Unknown Source)&#xD;&#xA;&#x9;at WSVerification1569491154699.run(WSVerification1569491154699:15)&#xD;&#xA;&#x9;at com.kms.katalon.core.main.ScriptEngine.run(ScriptEngine.java:194)&#xD;&#xA;&#x9;at com.kms.katalon.core.main.ScriptEngine.runScriptAsRawText(ScriptEngine.java:119)&#xD;&#xA;&#x9;at com.kms.katalon.core.main.WSVerificationExecutor.runScript(WSVerificationExecutor.java:146)&#xD;&#xA;&#x9;at com.kms.katalon.core.main.WSVerificationExecutor.doExecute(WSVerificationExecutor.java:140)&#xD;&#xA;&#x9;at com.kms.katalon.core.main.WSVerificationExecutor.processExecutionPhase(WSVerificationExecutor.java:123)&#xD;&#xA;&#x9;at com.kms.katalon.core.main.WSVerificationExecutor.accessMainPhase(WSVerificationExecutor.java:115)&#xD;&#xA;&#x9;at com.kms.katalon.core.main.WSVerificationExecutor.execute(WSVerificationExecutor.java:103)&#xD;&#xA;&#x9;at com.kms.katalon.core.main.TestCaseMain.runWSVerificationScript(TestCaseMain.java:127)&#xD;&#xA;&#x9;at com.kms.katalon.core.webservice.keyword.builtin.SendRequestAndVerifyKeyword$_sendRequestAndVerify_closure1.doCall(SendRequestAndVerifyKeyword.groovy:55)&#xD;&#xA;&#x9;at com.kms.katalon.core.webservice.keyword.builtin.SendRequestAndVerifyKeyword$_sendRequestAndVerify_closure1.call(SendRequestAndVerifyKeyword.groovy)&#xD;&#xA;&#x9;at com.kms.katalon.core.keyword.internal.KeywordMain.runKeyword(KeywordMain.groovy:68)&#xD;&#xA;&#x9;at com.kms.katalon.core.webservice.keyword.builtin.SendRequestAndVerifyKeyword.sendRequestAndVerify(SendRequestAndVerifyKeyword.groovy:43)&#xD;&#xA;&#x9;at com.kms.katalon.core.webservice.keyword.builtin.SendRequestAndVerifyKeyword.execute(SendRequestAndVerifyKeyword.groovy:38)&#xD;&#xA;&#x9;at com.kms.katalon.core.keyword.internal.KeywordExecutor.executeKeywordForPlatform(KeywordExecutor.groovy:56)&#xD;&#xA;&#x9;at com.kms.katalon.core.webservice.keyword.WSBuiltInKeywords.sendRequestAndVerify(WSBuiltInKeywords.groovy:65)&#xD;&#xA;&#x9;at com.kms.katalon.core.webservice.keyword.WSBuiltInKeywords$sendRequestAndVerify$0.call(Unknown Source)&#xD;&#xA;&#x9;at oRefrenceMaster_Test.run(oRefrenceMaster_Test:16)&#xD;&#xA;&#x9;at com.kms.katalon.core.main.ScriptEngine.run(ScriptEngine.java:194)&#xD;&#xA;&#x9;at com.kms.katalon.core.main.ScriptEngine.runScriptAsRawText(ScriptEngine.java:119)&#xD;&#xA;&#x9;at com.kms.katalon.core.main.TestCaseExecutor.runScript(TestCaseExecutor.java:337)&#xD;&#xA;&#x9;at com.kms.katalon.core.main.TestCaseExecutor.doExecute(TestCaseExecutor.java:328)&#xD;&#xA;&#x9;at com.kms.katalon.core.main.TestCaseExecutor.processExecutionPhase(TestCaseExecutor.java:307)&#xD;&#xA;&#x9;at com.kms.katalon.core.main.TestCaseExecutor.accessMainPhase(TestCaseExecutor.java:299)&#xD;&#xA;&#x9;at com.kms.katalon.core.main.TestCaseExecutor.execute(TestCaseExecutor.java:233)&#xD;&#xA;&#x9;at com.kms.katalon.core.main.TestSuiteExecutor.accessTestCaseMainPhase(TestSuiteExecutor.java:169)&#xD;&#xA;&#x9;at com.kms.katalon.core.main.TestSuiteExecutor.accessTestSuiteMainPhase(TestSuiteExecutor.java:142)&#xD;&#xA;&#x9;at com.kms.katalon.core.main.TestSuiteExecutor.execute(TestSuiteExecutor.java:91)&#xD;&#xA;&#x9;at com.kms.katalon.core.main.TestCaseMain.startTestSuite(TestCaseMain.java:157)&#xD;&#xA;&#x9;at com.kms.katalon.core.main.TestCaseMain$startTestSuite$0.call(Unknown Source)&#xD;&#xA;&#x9;at TempTestSuite1569491129117.run(TempTestSuite1569491129117.groovy:35)&#xD;&#xA;"/>
            <system-out>2019-09-26 15:15:53 - [TEST_CASE][FAILED] - Test Cases/oRefrenceMaster_Test: Test Cases/oRefrenceMaster_Test FAILED.
Reason:
com.kms.katalon.core.exception.StepFailedException: Expected status code is '200' but actual status code is '404'&#xD;
	at com.kms.katalon.core.keyword.internal.KeywordMain.stepFailed(KeywordMain.groovy:50)&#xD;
	at com.kms.katalon.core.webservice.keyword.builtin.VerifyResponseStatusCodeKeyword.verifyStatusCode(VerifyResponseStatusCodeKeyword.groovy:52)&#xD;
	at com.kms.katalon.core.webservice.keyword.builtin.VerifyResponseStatusCodeKeyword$_verifyResponseStatusCode_closure1.doCall(VerifyResponseStatusCodeKeyword.groovy:42)&#xD;
	at com.kms.katalon.core.webservice.keyword.builtin.VerifyResponseStatusCodeKeyword$_verifyResponseStatusCode_closure1.call(VerifyResponseStatusCodeKeyword.groovy)&#xD;
	at com.kms.katalon.core.keyword.internal.KeywordMain.runKeyword(KeywordMain.groovy:68)&#xD;
	at com.kms.katalon.core.webservice.keyword.builtin.VerifyResponseStatusCodeKeyword.verifyResponseStatusCode(VerifyResponseStatusCodeKeyword.groovy:37)&#xD;
	at com.kms.katalon.core.webservice.keyword.builtin.VerifyResponseStatusCodeKeyword.execute(VerifyResponseStatusCodeKeyword.groovy:32)&#xD;
	at com.kms.katalon.core.keyword.internal.KeywordExecutor.executeKeywordForPlatform(KeywordExecutor.groovy:56)&#xD;
	at com.kms.katalon.core.webservice.keyword.WSBuiltInKeywords.verifyResponseStatusCode(WSBuiltInKeywords.groovy:212)&#xD;
	at com.kms.katalon.core.webservice.keyword.WSBuiltInKeywords$verifyResponseStatusCode$1.call(Unknown Source)&#xD;
	at WSVerification1569491154699.run(WSVerification1569491154699:15)&#xD;
	at com.kms.katalon.core.main.ScriptEngine.run(ScriptEngine.java:194)&#xD;
	at com.kms.katalon.core.main.ScriptEngine.runScriptAsRawText(ScriptEngine.java:119)&#xD;
	at com.kms.katalon.core.main.WSVerificationExecutor.runScript(WSVerificationExecutor.java:146)&#xD;
	at com.kms.katalon.core.main.WSVerificationExecutor.doExecute(WSVerificationExecutor.java:140)&#xD;
	at com.kms.katalon.core.main.WSVerificationExecutor.processExecutionPhase(WSVerificationExecutor.java:123)&#xD;
	at com.kms.katalon.core.main.WSVerificationExecutor.accessMainPhase(WSVerificationExecutor.java:115)&#xD;
	at com.kms.katalon.core.main.WSVerificationExecutor.execute(WSVerificationExecutor.java:103)&#xD;
	at com.kms.katalon.core.main.TestCaseMain.runWSVerificationScript(TestCaseMain.java:127)&#xD;
	at com.kms.katalon.core.webservice.keyword.builtin.SendRequestAndVerifyKeyword$_sendRequestAndVerify_closure1.doCall(SendRequestAndVerifyKeyword.groovy:55)&#xD;
	at com.kms.katalon.core.webservice.keyword.builtin.SendRequestAndVerifyKeyword$_sendRequestAndVerify_closure1.call(SendRequestAndVerifyKeyword.groovy)&#xD;
	at com.kms.katalon.core.keyword.internal.KeywordMain.runKeyword(KeywordMain.groovy:68)&#xD;
	at com.kms.katalon.core.webservice.keyword.builtin.SendRequestAndVerifyKeyword.sendRequestAndVerify(SendRequestAndVerifyKeyword.groovy:43)&#xD;
	at com.kms.katalon.core.webservice.keyword.builtin.SendRequestAndVerifyKeyword.execute(SendRequestAndVerifyKeyword.groovy:38)&#xD;
	at com.kms.katalon.core.keyword.internal.KeywordExecutor.executeKeywordForPlatform(KeywordExecutor.groovy:56)&#xD;
	at com.kms.katalon.core.webservice.keyword.WSBuiltInKeywords.sendRequestAndVerify(WSBuiltInKeywords.groovy:65)&#xD;
	at com.kms.katalon.core.webservice.keyword.WSBuiltInKeywords$sendRequestAndVerify$0.call(Unknown Source)&#xD;
	at oRefrenceMaster_Test.run(oRefrenceMaster_Test:16)&#xD;
	at com.kms.katalon.core.main.ScriptEngine.run(ScriptEngine.java:194)&#xD;
	at com.kms.katalon.core.main.ScriptEngine.runScriptAsRawText(ScriptEngine.java:119)&#xD;
	at com.kms.katalon.core.main.TestCaseExecutor.runScript(TestCaseExecutor.java:337)&#xD;
	at com.kms.katalon.core.main.TestCaseExecutor.doExecute(TestCaseExecutor.java:328)&#xD;
	at com.kms.katalon.core.main.TestCaseExecutor.processExecutionPhase(TestCaseExecutor.java:307)&#xD;
	at com.kms.katalon.core.main.TestCaseExecutor.accessMainPhase(TestCaseExecutor.java:299)&#xD;
	at com.kms.katalon.core.main.TestCaseExecutor.execute(TestCaseExecutor.java:233)&#xD;
	at com.kms.katalon.core.main.TestSuiteExecutor.accessTestCaseMainPhase(TestSuiteExecutor.java:169)&#xD;
	at com.kms.katalon.core.main.TestSuiteExecutor.accessTestSuiteMainPhase(TestSuiteExecutor.java:142)&#xD;
	at com.kms.katalon.core.main.TestSuiteExecutor.execute(TestSuiteExecutor.java:91)&#xD;
	at com.kms.katalon.core.main.TestCaseMain.startTestSuite(TestCaseMain.java:157)&#xD;
	at com.kms.katalon.core.main.TestCaseMain$startTestSuite$0.call(Unknown Source)&#xD;
	at TempTestSuite1569491129117.run(TempTestSuite1569491129117.groovy:35)&#xD;
&#xD;
&#xD;
2019-09-26 15:15:54 - [TEST_STEP][FAILED] - sendRequestAndVerify(findTestObject("oRefrence Master", ["uniqueToken":uniquetoken, "userId":userid])): Unable to send request and verify the response (Root cause: com.kms.katalon.core.exception.StepFailedException: Verification failed&#xD;
	at com.kms.katalon.core.webservice.keyword.builtin.SendRequestAndVerifyKeyword$_sendRequestAndVerify_closure1.doCall(SendRequestAndVerifyKeyword.groovy:59)&#xD;
	at com.kms.katalon.core.webservice.keyword.builtin.SendRequestAndVerifyKeyword$_sendRequestAndVerify_closure1.call(SendRequestAndVerifyKeyword.groovy)&#xD;
	at com.kms.katalon.core.keyword.internal.KeywordMain.runKeyword(KeywordMain.groovy:68)&#xD;
	at com.kms.katalon.core.webservice.keyword.builtin.SendRequestAndVerifyKeyword.sendRequestAndVerify(SendRequestAndVerifyKeyword.groovy:43)&#xD;
	at com.kms.katalon.core.webservice.keyword.builtin.SendRequestAndVerifyKeyword.execute(SendRequestAndVerifyKeyword.groovy:38)&#xD;
	at com.kms.katalon.core.keyword.internal.KeywordExecutor.executeKeywordForPlatform(KeywordExecutor.groovy:56)&#xD;
	at com.kms.katalon.core.webservice.keyword.WSBuiltInKeywords.sendRequestAndVerify(WSBuiltInKeywords.groovy:65)&#xD;
	at com.kms.katalon.core.webservice.keyword.WSBuiltInKeywords$sendRequestAndVerify$0.call(Unknown Source)&#xD;
	at oRefrenceMaster_Test.run(oRefrenceMaster_Test:16)&#xD;
	at com.kms.katalon.core.main.ScriptEngine.run(ScriptEngine.java:194)&#xD;
	at com.kms.katalon.core.main.ScriptEngine.runScriptAsRawText(ScriptEngine.java:119)&#xD;
	at com.kms.katalon.core.main.TestCaseExecutor.runScript(TestCaseExecutor.java:337)&#xD;
	at com.kms.katalon.core.main.TestCaseExecutor.doExecute(TestCaseExecutor.java:328)&#xD;
	at com.kms.katalon.core.main.TestCaseExecutor.processExecutionPhase(TestCaseExecutor.java:307)&#xD;
	at com.kms.katalon.core.main.TestCaseExecutor.accessMainPhase(TestCaseExecutor.java:299)&#xD;
	at com.kms.katalon.core.main.TestCaseExecutor.execute(TestCaseExecutor.java:233)&#xD;
	at com.kms.katalon.core.main.TestSuiteExecutor.accessTestCaseMainPhase(TestSuiteExecutor.java:169)&#xD;
	at com.kms.katalon.core.main.TestSuiteExecutor.accessTestSuiteMainPhase(TestSuiteExecutor.java:142)&#xD;
	at com.kms.katalon.core.main.TestSuiteExecutor.execute(TestSuiteExecutor.java:91)&#xD;
	at com.kms.katalon.core.main.TestCaseMain.startTestSuite(TestCaseMain.java:157)&#xD;
	at com.kms.katalon.core.main.TestCaseMain$startTestSuite$0.call(Unknown Source)&#xD;
	at TempTestSuite1569491129117.run(TempTestSuite1569491129117.groovy:35)&#xD;
)&#xD;
&#xD;
2019-09-26 15:15:54 - [MESSAGE][INFO] - HAR: C:\Users\rajesh.veeranna\Katalon Studio\SmartIndonasia\Reports\20190926_151529\SMARTINDONASIA_API_SmokeTest\20190926_151529\requests\main\22.har&#xD;
&#xD;
2019-09-26 15:15:54 - [TEST_CASE][FAILED] - Start Test Case : Verification: Verification FAILED.
Reason:
com.kms.katalon.core.exception.StepFailedException: Expected status code is '200' but actual status code is '404'&#xD;
	at com.kms.katalon.core.keyword.internal.KeywordMain.stepFailed(KeywordMain.groovy:50)&#xD;
	at com.kms.katalon.core.webservice.keyword.builtin.VerifyResponseStatusCodeKeyword.verifyStatusCode(VerifyResponseStatusCodeKeyword.groovy:52)&#xD;
	at com.kms.katalon.core.webservice.keyword.builtin.VerifyResponseStatusCodeKeyword$_verifyResponseStatusCode_closure1.doCall(VerifyResponseStatusCodeKeyword.groovy:42)&#xD;
	at com.kms.katalon.core.webservice.keyword.builtin.VerifyResponseStatusCodeKeyword$_verifyResponseStatusCode_closure1.call(VerifyResponseStatusCodeKeyword.groovy)&#xD;
	at com.kms.katalon.core.keyword.internal.KeywordMain.runKeyword(KeywordMain.groovy:68)&#xD;
	at com.kms.katalon.core.webservice.keyword.builtin.VerifyResponseStatusCodeKeyword.verifyResponseStatusCode(VerifyResponseStatusCodeKeyword.groovy:37)&#xD;
	at com.kms.katalon.core.webservice.keyword.builtin.VerifyResponseStatusCodeKeyword.execute(VerifyResponseStatusCodeKeyword.groovy:32)&#xD;
	at com.kms.katalon.core.keyword.internal.KeywordExecutor.executeKeywordForPlatform(KeywordExecutor.groovy:56)&#xD;
	at com.kms.katalon.core.webservice.keyword.WSBuiltInKeywords.verifyResponseStatusCode(WSBuiltInKeywords.groovy:212)&#xD;
	at com.kms.katalon.core.webservice.keyword.WSBuiltInKeywords$verifyResponseStatusCode$1.call(Unknown Source)&#xD;
	at WSVerification1569491154699.run(WSVerification1569491154699:15)&#xD;
	at com.kms.katalon.core.main.ScriptEngine.run(ScriptEngine.java:194)&#xD;
	at com.kms.katalon.core.main.ScriptEngine.runScriptAsRawText(ScriptEngine.java:119)&#xD;
	at com.kms.katalon.core.main.WSVerificationExecutor.runScript(WSVerificationExecutor.java:146)&#xD;
	at com.kms.katalon.core.main.WSVerificationExecutor.doExecute(WSVerificationExecutor.java:140)&#xD;
	at com.kms.katalon.core.main.WSVerificationExecutor.processExecutionPhase(WSVerificationExecutor.java:123)&#xD;
	at com.kms.katalon.core.main.WSVerificationExecutor.accessMainPhase(WSVerificationExecutor.java:115)&#xD;
	at com.kms.katalon.core.main.WSVerificationExecutor.execute(WSVerificationExecutor.java:103)&#xD;
	at com.kms.katalon.core.main.TestCaseMain.runWSVerificationScript(TestCaseMain.java:127)&#xD;
	at com.kms.katalon.core.webservice.keyword.builtin.SendRequestAndVerifyKeyword$_sendRequestAndVerify_closure1.doCall(SendRequestAndVerifyKeyword.groovy:55)&#xD;
	at com.kms.katalon.core.webservice.keyword.builtin.SendRequestAndVerifyKeyword$_sendRequestAndVerify_closure1.call(SendRequestAndVerifyKeyword.groovy)&#xD;
	at com.kms.katalon.core.keyword.internal.KeywordMain.runKeyword(KeywordMain.groovy:68)&#xD;
	at com.kms.katalon.core.webservice.keyword.builtin.SendRequestAndVerifyKeyword.sendRequestAndVerify(SendRequestAndVerifyKeyword.groovy:43)&#xD;
	at com.kms.katalon.core.webservice.keyword.builtin.SendRequestAndVerifyKeyword.execute(SendRequestAndVerifyKeyword.groovy:38)&#xD;
	at com.kms.katalon.core.keyword.internal.KeywordExecutor.executeKeywordForPlatform(KeywordExecutor.groovy:56)&#xD;
	at com.kms.katalon.core.webservice.keyword.WSBuiltInKeywords.sendRequestAndVerify(WSBuiltInKeywords.groovy:65)&#xD;
	at com.kms.katalon.core.webservice.keyword.WSBuiltInKeywords$sendRequestAndVerify$0.call(Unknown Source)&#xD;
	at oRefrenceMaster_Test.run(oRefrenceMaster_Test:16)&#xD;
	at com.kms.katalon.core.main.ScriptEngine.run(ScriptEngine.java:194)&#xD;
	at com.kms.katalon.core.main.ScriptEngine.runScriptAsRawText(ScriptEngine.java:119)&#xD;
	at com.kms.katalon.core.main.TestCaseExecutor.runScript(TestCaseExecutor.java:337)&#xD;
	at com.kms.katalon.core.main.TestCaseExecutor.doExecute(TestCaseExecutor.java:328)&#xD;
	at com.kms.katalon.core.main.TestCaseExecutor.processExecutionPhase(TestCaseExecutor.java:307)&#xD;
	at com.kms.katalon.core.main.TestCaseExecutor.accessMainPhase(TestCaseExecutor.java:299)&#xD;
	at com.kms.katalon.core.main.TestCaseExecutor.execute(TestCaseExecutor.java:233)&#xD;
	at com.kms.katalon.core.main.TestSuiteExecutor.accessTestCaseMainPhase(TestSuiteExecutor.java:169)&#xD;
	at com.kms.katalon.core.main.TestSuiteExecutor.accessTestSuiteMainPhase(TestSuiteExecutor.java:142)&#xD;
	at com.kms.katalon.core.main.TestSuiteExecutor.execute(TestSuiteExecutor.java:91)&#xD;
	at com.kms.katalon.core.main.TestCaseMain.startTestSuite(TestCaseMain.java:157)&#xD;
	at com.kms.katalon.core.main.TestCaseMain$startTestSuite$0.call(Unknown Source)&#xD;
	at TempTestSuite1569491129117.run(TempTestSuite1569491129117.groovy:35)&#xD;
&#xD;
&#xD;
2019-09-26 15:15:54 - [TEST_STEP][PASSED] - request = getInstance().getCurrentRequest(): null&#xD;
&#xD;
2019-09-26 15:15:54 - [TEST_STEP][PASSED] - response = getInstance().getCurrentResponse(): null&#xD;
&#xD;
2019-09-26 15:15:54 - [TEST_STEP][FAILED] - verifyResponseStatusCode(response, 200): Unable to verify response status code (Root cause: com.kms.katalon.core.exception.StepFailedException: Expected status code is '200' but actual status code is '404'&#xD;
	at com.kms.katalon.core.keyword.internal.KeywordMain.stepFailed(KeywordMain.groovy:50)&#xD;
	at com.kms.katalon.core.webservice.keyword.builtin.VerifyResponseStatusCodeKeyword.verifyStatusCode(VerifyResponseStatusCodeKeyword.groovy:52)&#xD;
	at com.kms.katalon.core.webservice.keyword.builtin.VerifyResponseStatusCodeKeyword$_verifyResponseStatusCode_closure1.doCall(VerifyResponseStatusCodeKeyword.groovy:42)&#xD;
	at com.kms.katalon.core.webservice.keyword.builtin.VerifyResponseStatusCodeKeyword$_verifyResponseStatusCode_closure1.call(VerifyResponseStatusCodeKeyword.groovy)&#xD;
	at com.kms.katalon.core.keyword.internal.KeywordMain.runKeyword(KeywordMain.groovy:68)&#xD;
	at com.kms.katalon.core.webservice.keyword.builtin.VerifyResponseStatusCodeKeyword.verifyResponseStatusCode(VerifyResponseStatusCodeKeyword.groovy:37)&#xD;
	at com.kms.katalon.core.webservice.keyword.builtin.VerifyResponseStatusCodeKeyword.execute(VerifyResponseStatusCodeKeyword.groovy:32)&#xD;
	at com.kms.katalon.core.keyword.internal.KeywordExecutor.executeKeywordForPlatform(KeywordExecutor.groovy:56)&#xD;
	at com.kms.katalon.core.webservice.keyword.WSBuiltInKeywords.verifyResponseStatusCode(WSBuiltInKeywords.groovy:212)&#xD;
	at com.kms.katalon.core.webservice.keyword.WSBuiltInKeywords$verifyResponseStatusCode$1.call(Unknown Source)&#xD;
	at WSVerification1569491154699.run(WSVerification1569491154699:15)&#xD;
	at com.kms.katalon.core.main.ScriptEngine.run(ScriptEngine.java:194)&#xD;
	at com.kms.katalon.core.main.ScriptEngine.runScriptAsRawText(ScriptEngine.java:119)&#xD;
	at com.kms.katalon.core.main.WSVerificationExecutor.runScript(WSVerificationExecutor.java:146)&#xD;
	at com.kms.katalon.core.main.WSVerificationExecutor.doExecute(WSVerificationExecutor.java:140)&#xD;
	at com.kms.katalon.core.main.WSVerificationExecutor.processExecutionPhase(WSVerificationExecutor.java:123)&#xD;
	at com.kms.katalon.core.main.WSVerificationExecutor.accessMainPhase(WSVerificationExecutor.java:115)&#xD;
	at com.kms.katalon.core.main.WSVerificationExecutor.execute(WSVerificationExecutor.java:103)&#xD;
	at com.kms.katalon.core.main.TestCaseMain.runWSVerificationScript(TestCaseMain.java:127)&#xD;
	at com.kms.katalon.core.webservice.keyword.builtin.SendRequestAndVerifyKeyword$_sendRequestAndVerify_closure1.doCall(SendRequestAndVerifyKeyword.groovy:55)&#xD;
	at com.kms.katalon.core.webservice.keyword.builtin.SendRequestAndVerifyKeyword$_sendRequestAndVerify_closure1.call(SendRequestAndVerifyKeyword.groovy)&#xD;
	at com.kms.katalon.core.keyword.internal.KeywordMain.runKeyword(KeywordMain.groovy:68)&#xD;
	at com.kms.katalon.core.webservice.keyword.builtin.SendRequestAndVerifyKeyword.sendRequestAndVerify(SendRequestAndVerifyKeyword.groovy:43)&#xD;
	at com.kms.katalon.core.webservice.keyword.builtin.SendRequestAndVerifyKeyword.execute(SendRequestAndVerifyKeyword.groovy:38)&#xD;
	at com.kms.katalon.core.keyword.internal.KeywordExecutor.executeKeywordForPlatform(KeywordExecutor.groovy:56)&#xD;
	at com.kms.katalon.core.webservice.keyword.WSBuiltInKeywords.sendRequestAndVerify(WSBuiltInKeywords.groovy:65)&#xD;
	at com.kms.katalon.core.webservice.keyword.WSBuiltInKeywords$sendRequestAndVerify$0.call(Unknown Source)&#xD;
	at oRefrenceMaster_Test.run(oRefrenceMaster_Test:16)&#xD;
	at com.kms.katalon.core.main.ScriptEngine.run(ScriptEngine.java:194)&#xD;
	at com.kms.katalon.core.main.ScriptEngine.runScriptAsRawText(ScriptEngine.java:119)&#xD;
	at com.kms.katalon.core.main.TestCaseExecutor.runScript(TestCaseExecutor.java:337)&#xD;
	at com.kms.katalon.core.main.TestCaseExecutor.doExecute(TestCaseExecutor.java:328)&#xD;
	at com.kms.katalon.core.main.TestCaseExecutor.processExecutionPhase(TestCaseExecutor.java:307)&#xD;
	at com.kms.katalon.core.main.TestCaseExecutor.accessMainPhase(TestCaseExecutor.java:299)&#xD;
	at com.kms.katalon.core.main.TestCaseExecutor.execute(TestCaseExecutor.java:233)&#xD;
	at com.kms.katalon.core.main.TestSuiteExecutor.accessTestCaseMainPhase(TestSuiteExecutor.java:169)&#xD;
	at com.kms.katalon.core.main.TestSuiteExecutor.accessTestSuiteMainPhase(TestSuiteExecutor.java:142)&#xD;
	at com.kms.katalon.core.main.TestSuiteExecutor.execute(TestSuiteExecutor.java:91)&#xD;
	at com.kms.katalon.core.main.TestCaseMain.startTestSuite(TestCaseMain.java:157)&#xD;
	at com.kms.katalon.core.main.TestCaseMain$startTestSuite$0.call(Unknown Source)&#xD;
	at TempTestSuite1569491129117.run(TempTestSuite1569491129117.groovy:35)&#xD;
)&#xD;
&#xD;
2019-09-26 15:15:54 - [MESSAGE][FAILED] - Expected status code is '200' but actual status code is '404'&#xD;
&#xD;
2019-09-26 15:15:54 - [MESSAGE][FAILED] - Unable to verify response status code (Root cause: com.kms.katalon.core.exception.StepFailedException: Expected status code is '200' but actual status code is '404'&#xD;
	at com.kms.katalon.core.keyword.internal.KeywordMain.stepFailed(KeywordMain.groovy:50)&#xD;
	at com.kms.katalon.core.webservice.keyword.builtin.VerifyResponseStatusCodeKeyword.verifyStatusCode(VerifyResponseStatusCodeKeyword.groovy:52)&#xD;
	at com.kms.katalon.core.webservice.keyword.builtin.VerifyResponseStatusCodeKeyword$_verifyResponseStatusCode_closure1.doCall(VerifyResponseStatusCodeKeyword.groovy:42)&#xD;
	at com.kms.katalon.core.webservice.keyword.builtin.VerifyResponseStatusCodeKeyword$_verifyResponseStatusCode_closure1.call(VerifyResponseStatusCodeKeyword.groovy)&#xD;
	at com.kms.katalon.core.keyword.internal.KeywordMain.runKeyword(KeywordMain.groovy:68)&#xD;
	at com.kms.katalon.core.webservice.keyword.builtin.VerifyResponseStatusCodeKeyword.verifyResponseStatusCode(VerifyResponseStatusCodeKeyword.groovy:37)&#xD;
	at com.kms.katalon.core.webservice.keyword.builtin.VerifyResponseStatusCodeKeyword.execute(VerifyResponseStatusCodeKeyword.groovy:32)&#xD;
	at com.kms.katalon.core.keyword.internal.KeywordExecutor.executeKeywordForPlatform(KeywordExecutor.groovy:56)&#xD;
	at com.kms.katalon.core.webservice.keyword.WSBuiltInKeywords.verifyResponseStatusCode(WSBuiltInKeywords.groovy:212)&#xD;
	at com.kms.katalon.core.webservice.keyword.WSBuiltInKeywords$verifyResponseStatusCode$1.call(Unknown Source)&#xD;
	at WSVerification1569491154699.run(WSVerification1569491154699:15)&#xD;
	at com.kms.katalon.core.main.ScriptEngine.run(ScriptEngine.java:194)&#xD;
	at com.kms.katalon.core.main.ScriptEngine.runScriptAsRawText(ScriptEngine.java:119)&#xD;
	at com.kms.katalon.core.main.WSVerificationExecutor.runScript(WSVerificationExecutor.java:146)&#xD;
	at com.kms.katalon.core.main.WSVerificationExecutor.doExecute(WSVerificationExecutor.java:140)&#xD;
	at com.kms.katalon.core.main.WSVerificationExecutor.processExecutionPhase(WSVerificationExecutor.java:123)&#xD;
	at com.kms.katalon.core.main.WSVerificationExecutor.accessMainPhase(WSVerificationExecutor.java:115)&#xD;
	at com.kms.katalon.core.main.WSVerificationExecutor.execute(WSVerificationExecutor.java:103)&#xD;
	at com.kms.katalon.core.main.TestCaseMain.runWSVerificationScript(TestCaseMain.java:127)&#xD;
	at com.kms.katalon.core.webservice.keyword.builtin.SendRequestAndVerifyKeyword$_sendRequestAndVerify_closure1.doCall(SendRequestAndVerifyKeyword.groovy:55)&#xD;
	at com.kms.katalon.core.webservice.keyword.builtin.SendRequestAndVerifyKeyword$_sendRequestAndVerify_closure1.call(SendRequestAndVerifyKeyword.groovy)&#xD;
	at com.kms.katalon.core.keyword.internal.KeywordMain.runKeyword(KeywordMain.groovy:68)&#xD;
	at com.kms.katalon.core.webservice.keyword.builtin.SendRequestAndVerifyKeyword.sendRequestAndVerify(SendRequestAndVerifyKeyword.groovy:43)&#xD;
	at com.kms.katalon.core.webservice.keyword.builtin.SendRequestAndVerifyKeyword.execute(SendRequestAndVerifyKeyword.groovy:38)&#xD;
	at com.kms.katalon.core.keyword.internal.KeywordExecutor.executeKeywordForPlatform(KeywordExecutor.groovy:56)&#xD;
	at com.kms.katalon.core.webservice.keyword.WSBuiltInKeywords.sendRequestAndVerify(WSBuiltInKeywords.groovy:65)&#xD;
	at com.kms.katalon.core.webservice.keyword.WSBuiltInKeywords$sendRequestAndVerify$0.call(Unknown Source)&#xD;
	at oRefrenceMaster_Test.run(oRefrenceMaster_Test:16)&#xD;
	at com.kms.katalon.core.main.ScriptEngine.run(ScriptEngine.java:194)&#xD;
	at com.kms.katalon.core.main.ScriptEngine.runScriptAsRawText(ScriptEngine.java:119)&#xD;
	at com.kms.katalon.core.main.TestCaseExecutor.runScript(TestCaseExecutor.java:337)&#xD;
	at com.kms.katalon.core.main.TestCaseExecutor.doExecute(TestCaseExecutor.java:328)&#xD;
	at com.kms.katalon.core.main.TestCaseExecutor.processExecutionPhase(TestCaseExecutor.java:307)&#xD;
	at com.kms.katalon.core.main.TestCaseExecutor.accessMainPhase(TestCaseExecutor.java:299)&#xD;
	at com.kms.katalon.core.main.TestCaseExecutor.execute(TestCaseExecutor.java:233)&#xD;
	at com.kms.katalon.core.main.TestSuiteExecutor.accessTestCaseMainPhase(TestSuiteExecutor.java:169)&#xD;
	at com.kms.katalon.core.main.TestSuiteExecutor.accessTestSuiteMainPhase(TestSuiteExecutor.java:142)&#xD;
	at com.kms.katalon.core.main.TestSuiteExecutor.execute(TestSuiteExecutor.java:91)&#xD;
	at com.kms.katalon.core.main.TestCaseMain.startTestSuite(TestCaseMain.java:157)&#xD;
	at com.kms.katalon.core.main.TestCaseMain$startTestSuite$0.call(Unknown Source)&#xD;
	at TempTestSuite1569491129117.run(TempTestSuite1569491129117.groovy:35)&#xD;
)&#xD;
&#xD;
2019-09-26 15:15:55 - [MESSAGE][FAILED] - Unable to send request and verify the response (Root cause: com.kms.katalon.core.exception.StepFailedException: Verification failed&#xD;
	at com.kms.katalon.core.webservice.keyword.builtin.SendRequestAndVerifyKeyword$_sendRequestAndVerify_closure1.doCall(SendRequestAndVerifyKeyword.groovy:59)&#xD;
	at com.kms.katalon.core.webservice.keyword.builtin.SendRequestAndVerifyKeyword$_sendRequestAndVerify_closure1.call(SendRequestAndVerifyKeyword.groovy)&#xD;
	at com.kms.katalon.core.keyword.internal.KeywordMain.runKeyword(KeywordMain.groovy:68)&#xD;
	at com.kms.katalon.core.webservice.keyword.builtin.SendRequestAndVerifyKeyword.sendRequestAndVerify(SendRequestAndVerifyKeyword.groovy:43)&#xD;
	at com.kms.katalon.core.webservice.keyword.builtin.SendRequestAndVerifyKeyword.execute(SendRequestAndVerifyKeyword.groovy:38)&#xD;
	at com.kms.katalon.core.keyword.internal.KeywordExecutor.executeKeywordForPlatform(KeywordExecutor.groovy:56)&#xD;
	at com.kms.katalon.core.webservice.keyword.WSBuiltInKeywords.sendRequestAndVerify(WSBuiltInKeywords.groovy:65)&#xD;
	at com.kms.katalon.core.webservice.keyword.WSBuiltInKeywords$sendRequestAndVerify$0.call(Unknown Source)&#xD;
	at oRefrenceMaster_Test.run(oRefrenceMaster_Test:16)&#xD;
	at com.kms.katalon.core.main.ScriptEngine.run(ScriptEngine.java:194)&#xD;
	at com.kms.katalon.core.main.ScriptEngine.runScriptAsRawText(ScriptEngine.java:119)&#xD;
	at com.kms.katalon.core.main.TestCaseExecutor.runScript(TestCaseExecutor.java:337)&#xD;
	at com.kms.katalon.core.main.TestCaseExecutor.doExecute(TestCaseExecutor.java:328)&#xD;
	at com.kms.katalon.core.main.TestCaseExecutor.processExecutionPhase(TestCaseExecutor.java:307)&#xD;
	at com.kms.katalon.core.main.TestCaseExecutor.accessMainPhase(TestCaseExecutor.java:299)&#xD;
	at com.kms.katalon.core.main.TestCaseExecutor.execute(TestCaseExecutor.java:233)&#xD;
	at com.kms.katalon.core.main.TestSuiteExecutor.accessTestCaseMainPhase(TestSuiteExecutor.java:169)&#xD;
	at com.kms.katalon.core.main.TestSuiteExecutor.accessTestSuiteMainPhase(TestSuiteExecutor.java:142)&#xD;
	at com.kms.katalon.core.main.TestSuiteExecutor.execute(TestSuiteExecutor.java:91)&#xD;
	at com.kms.katalon.core.main.TestCaseMain.startTestSuite(TestCaseMain.java:157)&#xD;
	at com.kms.katalon.core.main.TestCaseMain$startTestSuite$0.call(Unknown Source)&#xD;
	at TempTestSuite1569491129117.run(TempTestSuite1569491129117.groovy:35)&#xD;
)</system-out>
            <system-err>2019-09-26 15:15:53 - [TEST_CASE][FAILED] - Test Cases/oRefrenceMaster_Test: Test Cases/oRefrenceMaster_Test FAILED.
Reason:
com.kms.katalon.core.exception.StepFailedException: Expected status code is '200' but actual status code is '404'&#xD;
	at com.kms.katalon.core.keyword.internal.KeywordMain.stepFailed(KeywordMain.groovy:50)&#xD;
	at com.kms.katalon.core.webservice.keyword.builtin.VerifyResponseStatusCodeKeyword.verifyStatusCode(VerifyResponseStatusCodeKeyword.groovy:52)&#xD;
	at com.kms.katalon.core.webservice.keyword.builtin.VerifyResponseStatusCodeKeyword$_verifyResponseStatusCode_closure1.doCall(VerifyResponseStatusCodeKeyword.groovy:42)&#xD;
	at com.kms.katalon.core.webservice.keyword.builtin.VerifyResponseStatusCodeKeyword$_verifyResponseStatusCode_closure1.call(VerifyResponseStatusCodeKeyword.groovy)&#xD;
	at com.kms.katalon.core.keyword.internal.KeywordMain.runKeyword(KeywordMain.groovy:68)&#xD;
	at com.kms.katalon.core.webservice.keyword.builtin.VerifyResponseStatusCodeKeyword.verifyResponseStatusCode(VerifyResponseStatusCodeKeyword.groovy:37)&#xD;
	at com.kms.katalon.core.webservice.keyword.builtin.VerifyResponseStatusCodeKeyword.execute(VerifyResponseStatusCodeKeyword.groovy:32)&#xD;
	at com.kms.katalon.core.keyword.internal.KeywordExecutor.executeKeywordForPlatform(KeywordExecutor.groovy:56)&#xD;
	at com.kms.katalon.core.webservice.keyword.WSBuiltInKeywords.verifyResponseStatusCode(WSBuiltInKeywords.groovy:212)&#xD;
	at com.kms.katalon.core.webservice.keyword.WSBuiltInKeywords$verifyResponseStatusCode$1.call(Unknown Source)&#xD;
	at WSVerification1569491154699.run(WSVerification1569491154699:15)&#xD;
	at com.kms.katalon.core.main.ScriptEngine.run(ScriptEngine.java:194)&#xD;
	at com.kms.katalon.core.main.ScriptEngine.runScriptAsRawText(ScriptEngine.java:119)&#xD;
	at com.kms.katalon.core.main.WSVerificationExecutor.runScript(WSVerificationExecutor.java:146)&#xD;
	at com.kms.katalon.core.main.WSVerificationExecutor.doExecute(WSVerificationExecutor.java:140)&#xD;
	at com.kms.katalon.core.main.WSVerificationExecutor.processExecutionPhase(WSVerificationExecutor.java:123)&#xD;
	at com.kms.katalon.core.main.WSVerificationExecutor.accessMainPhase(WSVerificationExecutor.java:115)&#xD;
	at com.kms.katalon.core.main.WSVerificationExecutor.execute(WSVerificationExecutor.java:103)&#xD;
	at com.kms.katalon.core.main.TestCaseMain.runWSVerificationScript(TestCaseMain.java:127)&#xD;
	at com.kms.katalon.core.webservice.keyword.builtin.SendRequestAndVerifyKeyword$_sendRequestAndVerify_closure1.doCall(SendRequestAndVerifyKeyword.groovy:55)&#xD;
	at com.kms.katalon.core.webservice.keyword.builtin.SendRequestAndVerifyKeyword$_sendRequestAndVerify_closure1.call(SendRequestAndVerifyKeyword.groovy)&#xD;
	at com.kms.katalon.core.keyword.internal.KeywordMain.runKeyword(KeywordMain.groovy:68)&#xD;
	at com.kms.katalon.core.webservice.keyword.builtin.SendRequestAndVerifyKeyword.sendRequestAndVerify(SendRequestAndVerifyKeyword.groovy:43)&#xD;
	at com.kms.katalon.core.webservice.keyword.builtin.SendRequestAndVerifyKeyword.execute(SendRequestAndVerifyKeyword.groovy:38)&#xD;
	at com.kms.katalon.core.keyword.internal.KeywordExecutor.executeKeywordForPlatform(KeywordExecutor.groovy:56)&#xD;
	at com.kms.katalon.core.webservice.keyword.WSBuiltInKeywords.sendRequestAndVerify(WSBuiltInKeywords.groovy:65)&#xD;
	at com.kms.katalon.core.webservice.keyword.WSBuiltInKeywords$sendRequestAndVerify$0.call(Unknown Source)&#xD;
	at oRefrenceMaster_Test.run(oRefrenceMaster_Test:16)&#xD;
	at com.kms.katalon.core.main.ScriptEngine.run(ScriptEngine.java:194)&#xD;
	at com.kms.katalon.core.main.ScriptEngine.runScriptAsRawText(ScriptEngine.java:119)&#xD;
	at com.kms.katalon.core.main.TestCaseExecutor.runScript(TestCaseExecutor.java:337)&#xD;
	at com.kms.katalon.core.main.TestCaseExecutor.doExecute(TestCaseExecutor.java:328)&#xD;
	at com.kms.katalon.core.main.TestCaseExecutor.processExecutionPhase(TestCaseExecutor.java:307)&#xD;
	at com.kms.katalon.core.main.TestCaseExecutor.accessMainPhase(TestCaseExecutor.java:299)&#xD;
	at com.kms.katalon.core.main.TestCaseExecutor.execute(TestCaseExecutor.java:233)&#xD;
	at com.kms.katalon.core.main.TestSuiteExecutor.accessTestCaseMainPhase(TestSuiteExecutor.java:169)&#xD;
	at com.kms.katalon.core.main.TestSuiteExecutor.accessTestSuiteMainPhase(TestSuiteExecutor.java:142)&#xD;
	at com.kms.katalon.core.main.TestSuiteExecutor.execute(TestSuiteExecutor.java:91)&#xD;
	at com.kms.katalon.core.main.TestCaseMain.startTestSuite(TestCaseMain.java:157)&#xD;
	at com.kms.katalon.core.main.TestCaseMain$startTestSuite$0.call(Unknown Source)&#xD;
	at TempTestSuite1569491129117.run(TempTestSuite1569491129117.groovy:35)</system-err>
        </testcase>
        <testcase name="Test Cases/pLobByUser_Test" classname="Test Cases/pLobByUser_Test" status="PASSED">
            <system-out>2019-09-26 15:15:55 - [TEST_CASE][PASSED] - Test Cases/pLobByUser_Test: Test Cases/pLobByUser_Test&#xD;
&#xD;
2019-09-26 15:15:55 - [TEST_STEP][PASSED] - sendRequestAndVerify(findTestObject("pLob By User", ["uniqueToken":uniquetoken, "userId":userid])): Send request and verify the response successfully&#xD;
&#xD;
2019-09-26 15:15:55 - [MESSAGE][INFO] - HAR: C:\Users\rajesh.veeranna\Katalon Studio\SmartIndonasia\Reports\20190926_151529\SMARTINDONASIA_API_SmokeTest\20190926_151529\requests\main\23.har&#xD;
&#xD;
2019-09-26 15:15:55 - [TEST_CASE][PASSED] - Start Test Case : Verification: Verification accomplished successfully&#xD;
&#xD;
2019-09-26 15:15:55 - [TEST_STEP][PASSED] - request = getInstance().getCurrentRequest(): null&#xD;
&#xD;
2019-09-26 15:15:55 - [TEST_STEP][PASSED] - response = getInstance().getCurrentResponse(): null&#xD;
&#xD;
2019-09-26 15:15:55 - [TEST_STEP][PASSED] - verifyResponseStatusCode(response, 200): Verify response status code successfully&#xD;
&#xD;
2019-09-26 15:15:55 - [MESSAGE][PASSED] - Verify response status code successfully&#xD;
&#xD;
2019-09-26 15:15:55 - [TEST_STEP][PASSED] - getStatusCode()).isEqualTo(200): null&#xD;
&#xD;
2019-09-26 15:15:55 - [MESSAGE][PASSED] - Verify response successfully&#xD;
&#xD;
2019-09-26 15:15:55 - [MESSAGE][PASSED] - Send request and verify the response successfully</system-out>
            <system-err></system-err>
        </testcase>
        <testcase name="Test Cases/qActivityHistory_Test" classname="Test Cases/qActivityHistory_Test" status="PASSED">
            <system-out>2019-09-26 15:15:55 - [TEST_CASE][PASSED] - Test Cases/qActivityHistory_Test: Test Cases/qActivityHistory_Test&#xD;
&#xD;
2019-09-26 15:15:56 - [TEST_STEP][PASSED] - sendRequestAndVerify(findTestObject("qActivity History", ["userId":userid, "uniqueToken":uniquetoken])): Send request and verify the response successfully&#xD;
&#xD;
2019-09-26 15:16:11 - [MESSAGE][INFO] - HAR: C:\Users\rajesh.veeranna\Katalon Studio\SmartIndonasia\Reports\20190926_151529\SMARTINDONASIA_API_SmokeTest\20190926_151529\requests\main\24.har&#xD;
&#xD;
2019-09-26 15:16:11 - [TEST_CASE][PASSED] - Start Test Case : Verification: Verification accomplished successfully&#xD;
&#xD;
2019-09-26 15:16:11 - [TEST_STEP][PASSED] - request = getInstance().getCurrentRequest(): null&#xD;
&#xD;
2019-09-26 15:16:12 - [TEST_STEP][PASSED] - response = getInstance().getCurrentResponse(): null&#xD;
&#xD;
2019-09-26 15:16:12 - [TEST_STEP][PASSED] - verifyResponseStatusCode(response, 200): Verify response status code successfully&#xD;
&#xD;
2019-09-26 15:16:12 - [MESSAGE][PASSED] - Verify response status code successfully&#xD;
&#xD;
2019-09-26 15:16:12 - [TEST_STEP][PASSED] - getStatusCode()).isEqualTo(200): null&#xD;
&#xD;
2019-09-26 15:16:12 - [MESSAGE][PASSED] - Verify response successfully&#xD;
&#xD;
2019-09-26 15:16:12 - [MESSAGE][PASSED] - Send request and verify the response successfully</system-out>
            <system-err></system-err>
        </testcase>
        <testcase name="Test Cases/RoleAccessUser_Test" classname="Test Cases/RoleAccessUser_Test" status="PASSED">
            <system-out>2019-09-26 15:16:12 - [TEST_CASE][PASSED] - Test Cases/RoleAccessUser_Test: Test Cases/RoleAccessUser_Test&#xD;
&#xD;
2019-09-26 15:16:12 - [TEST_STEP][PASSED] - sendRequestAndVerify(findTestObject("Role Access By User", ["uniqueToken":uniquetoken, "userId":userid])): Send request and verify the response successfully&#xD;
&#xD;
2019-09-26 15:16:12 - [MESSAGE][INFO] - HAR: C:\Users\rajesh.veeranna\Katalon Studio\SmartIndonasia\Reports\20190926_151529\SMARTINDONASIA_API_SmokeTest\20190926_151529\requests\main\25.har&#xD;
&#xD;
2019-09-26 15:16:12 - [TEST_CASE][PASSED] - Start Test Case : Verification: Verification accomplished successfully&#xD;
&#xD;
2019-09-26 15:16:12 - [TEST_STEP][PASSED] - request = getInstance().getCurrentRequest(): null&#xD;
&#xD;
2019-09-26 15:16:12 - [TEST_STEP][PASSED] - response = getInstance().getCurrentResponse(): null&#xD;
&#xD;
2019-09-26 15:16:12 - [TEST_STEP][PASSED] - verifyResponseStatusCode(response, 200): Verify response status code successfully&#xD;
&#xD;
2019-09-26 15:16:12 - [MESSAGE][PASSED] - Verify response status code successfully&#xD;
&#xD;
2019-09-26 15:16:12 - [TEST_STEP][PASSED] - getStatusCode()).isEqualTo(200): null&#xD;
&#xD;
2019-09-26 15:16:12 - [TEST_STEP][PASSED] - verifyElementPropertyValue(response, "roleId", "53f2675a-31ab-4e22-b78e-471146e93e50"): Verify element property value successfully&#xD;
&#xD;
2019-09-26 15:16:12 - [MESSAGE][PASSED] - Verify element property value successfully&#xD;
&#xD;
2019-09-26 15:16:12 - [MESSAGE][PASSED] - Verify response successfully&#xD;
&#xD;
2019-09-26 15:16:12 - [MESSAGE][PASSED] - Send request and verify the response successfully&#xD;
&#xD;
2019-09-26 15:16:12 - [TEST_STEP][PASSED] - responseR = sendRequestAndVerify(findTestObject("Role Access By User")): Send request and verify the response successfully&#xD;
&#xD;
2019-09-26 15:16:13 - [MESSAGE][INFO] - HAR: C:\Users\rajesh.veeranna\Katalon Studio\SmartIndonasia\Reports\20190926_151529\SMARTINDONASIA_API_SmokeTest\20190926_151529\requests\main\26.har&#xD;
&#xD;
2019-09-26 15:16:13 - [TEST_CASE][PASSED] - Start Test Case : Verification: Verification accomplished successfully&#xD;
&#xD;
2019-09-26 15:16:13 - [TEST_STEP][PASSED] - request = getInstance().getCurrentRequest(): null&#xD;
&#xD;
2019-09-26 15:16:13 - [TEST_STEP][PASSED] - response = getInstance().getCurrentResponse(): null&#xD;
&#xD;
2019-09-26 15:16:13 - [TEST_STEP][PASSED] - verifyResponseStatusCode(response, 200): Verify response status code successfully&#xD;
&#xD;
2019-09-26 15:16:13 - [MESSAGE][PASSED] - Verify response status code successfully&#xD;
&#xD;
2019-09-26 15:16:13 - [TEST_STEP][PASSED] - getStatusCode()).isEqualTo(200): null&#xD;
&#xD;
2019-09-26 15:16:13 - [TEST_STEP][PASSED] - verifyElementPropertyValue(response, "roleId", "53f2675a-31ab-4e22-b78e-471146e93e50"): Verify element property value successfully&#xD;
&#xD;
2019-09-26 15:16:13 - [MESSAGE][PASSED] - Verify element property value successfully&#xD;
&#xD;
2019-09-26 15:16:13 - [MESSAGE][PASSED] - Verify response successfully&#xD;
&#xD;
2019-09-26 15:16:13 - [MESSAGE][PASSED] - Send request and verify the response successfully&#xD;
&#xD;
2019-09-26 15:16:13 - [TEST_STEP][PASSED] - slurperR = new groovy.json.JsonSlurper(): null&#xD;
&#xD;
2019-09-26 15:16:13 - [TEST_STEP][PASSED] - resultR = slurperR.parseText(responseR.getResponseText()): null&#xD;
&#xD;
2019-09-26 15:16:13 - [TEST_STEP][PASSED] - println("***************************************"): null&#xD;
&#xD;
2019-09-26 15:16:13 - [TEST_STEP][PASSED] - println("THIS IS THE RESPONSE FROM VALIDATEOTP TEST CASE = " + resultR): null&#xD;
&#xD;
2019-09-26 15:16:13 - [TEST_STEP][PASSED] - println("***************************************"): null&#xD;
&#xD;
2019-09-26 15:16:13 - [TEST_STEP][PASSED] - valueR = roleId: null&#xD;
&#xD;
2019-09-26 15:16:13 - [TEST_STEP][PASSED] - loGID = valueR: null&#xD;
&#xD;
2019-09-26 15:16:13 - [TEST_STEP][PASSED] - println("***************************************"): null&#xD;
&#xD;
2019-09-26 15:16:13 - [TEST_STEP][PASSED] - println("THE USER LOG ID IS   = " + loGID): null&#xD;
&#xD;
2019-09-26 15:16:13 - [TEST_STEP][PASSED] - println("***************************************"): null</system-out>
            <system-err></system-err>
        </testcase>
        <testcase name="Test Cases/sIncidentHistory_Test" classname="Test Cases/sIncidentHistory_Test" status="PASSED">
            <system-out>2019-09-26 15:16:13 - [TEST_CASE][PASSED] - Test Cases/sIncidentHistory_Test: Test Cases/sIncidentHistory_Test&#xD;
&#xD;
2019-09-26 15:16:13 - [TEST_STEP][PASSED] - sendRequestAndVerify(findTestObject("sIncident History", ["uniqueToken":uniquetoken, "userId":userid])): Send request and verify the response successfully&#xD;
&#xD;
2019-09-26 15:16:14 - [MESSAGE][INFO] - HAR: C:\Users\rajesh.veeranna\Katalon Studio\SmartIndonasia\Reports\20190926_151529\SMARTINDONASIA_API_SmokeTest\20190926_151529\requests\main\27.har&#xD;
&#xD;
2019-09-26 15:16:14 - [TEST_CASE][PASSED] - Start Test Case : Verification: Verification accomplished successfully&#xD;
&#xD;
2019-09-26 15:16:14 - [TEST_STEP][PASSED] - request = getInstance().getCurrentRequest(): null&#xD;
&#xD;
2019-09-26 15:16:15 - [TEST_STEP][PASSED] - response = getInstance().getCurrentResponse(): null&#xD;
&#xD;
2019-09-26 15:16:15 - [TEST_STEP][PASSED] - verifyResponseStatusCode(response, 200): Verify response status code successfully&#xD;
&#xD;
2019-09-26 15:16:15 - [MESSAGE][PASSED] - Verify response status code successfully&#xD;
&#xD;
2019-09-26 15:16:15 - [TEST_STEP][PASSED] - getStatusCode()).isEqualTo(200): null&#xD;
&#xD;
2019-09-26 15:16:15 - [MESSAGE][PASSED] - Verify response successfully&#xD;
&#xD;
2019-09-26 15:16:15 - [MESSAGE][PASSED] - Send request and verify the response successfully</system-out>
            <system-err></system-err>
        </testcase>
        <testcase name="Test Cases/tMergeContactDetail_Test" classname="Test Cases/tMergeContactDetail_Test" status="PASSED">
            <system-out>2019-09-26 15:16:15 - [TEST_CASE][PASSED] - Test Cases/tMergeContactDetail_Test: Test Cases/tMergeContactDetail_Test&#xD;
&#xD;
2019-09-26 15:16:15 - [TEST_STEP][PASSED] - sendRequest(findTestObject("tMerge Contact Detail", ["countryID":countryID, "uniqueToken":uniquetoken, "userId":userid])): Send request successfully&#xD;
&#xD;
2019-09-26 15:16:15 - [MESSAGE][INFO] - HAR: C:\Users\rajesh.veeranna\Katalon Studio\SmartIndonasia\Reports\20190926_151529\SMARTINDONASIA_API_SmokeTest\20190926_151529\requests\main\28.har&#xD;
&#xD;
2019-09-26 15:16:15 - [MESSAGE][PASSED] - Send request successfully&#xD;
&#xD;
2019-09-26 15:16:15 - [TEST_STEP][PASSED] - responset = sendRequestAndVerify(findTestObject("tMerge Contact Detail", ["countryID":countryID, "uniqueToken":uniquetoken, "userId":userid])): Send request and verify the response successfully&#xD;
&#xD;
2019-09-26 15:16:15 - [MESSAGE][INFO] - HAR: C:\Users\rajesh.veeranna\Katalon Studio\SmartIndonasia\Reports\20190926_151529\SMARTINDONASIA_API_SmokeTest\20190926_151529\requests\main\29.har&#xD;
&#xD;
2019-09-26 15:16:15 - [TEST_CASE][PASSED] - Start Test Case : Verification: Verification accomplished successfully&#xD;
&#xD;
2019-09-26 15:16:16 - [TEST_STEP][PASSED] - request = getInstance().getCurrentRequest(): null&#xD;
&#xD;
2019-09-26 15:16:16 - [TEST_STEP][PASSED] - response = getInstance().getCurrentResponse(): null&#xD;
&#xD;
2019-09-26 15:16:16 - [TEST_STEP][PASSED] - verifyResponseStatusCode(response, 200): Verify response status code successfully&#xD;
&#xD;
2019-09-26 15:16:16 - [MESSAGE][PASSED] - Verify response status code successfully&#xD;
&#xD;
2019-09-26 15:16:16 - [TEST_STEP][PASSED] - getStatusCode()).isEqualTo(200): null&#xD;
&#xD;
2019-09-26 15:16:16 - [MESSAGE][PASSED] - Verify response successfully&#xD;
&#xD;
2019-09-26 15:16:16 - [MESSAGE][PASSED] - Send request and verify the response successfully&#xD;
&#xD;
2019-09-26 15:16:16 - [TEST_STEP][PASSED] - slurpert = new groovy.json.JsonSlurper(): null&#xD;
&#xD;
2019-09-26 15:16:16 - [TEST_STEP][PASSED] - resultt = slurpert.parseText(responset.getResponseText()): null&#xD;
&#xD;
2019-09-26 15:16:16 - [TEST_STEP][PASSED] - println("***************************************"): null&#xD;
&#xD;
2019-09-26 15:16:16 - [TEST_STEP][PASSED] - println("THIS IS THE RESPONSE FROM MERGE CONTACT DETAILS TEST CASE = " + resultt): null&#xD;
&#xD;
2019-09-26 15:16:16 - [TEST_STEP][PASSED] - println("***************************************"): null</system-out>
            <system-err></system-err>
        </testcase>
        <testcase name="Test Cases/vInsertIncident_Test" classname="Test Cases/vInsertIncident_Test" status="PASSED">
            <system-out>2019-09-26 15:16:16 - [TEST_CASE][PASSED] - Test Cases/vInsertIncident_Test: Test Cases/vInsertIncident_Test&#xD;
&#xD;
2019-09-26 15:16:16 - [TEST_STEP][PASSED] - incidenTID = toUpperCase().replace("-", ""): null&#xD;
&#xD;
2019-09-26 15:16:16 - [TEST_STEP][PASSED] - println(incidenTID): null&#xD;
&#xD;
2019-09-26 15:16:16 - [TEST_STEP][PASSED] - now = new java.util.Date(): null&#xD;
&#xD;
2019-09-26 15:16:16 - [TEST_STEP][PASSED] - incidenTDate = now.format("dd-MM-YYYY HH:mm:ss +5:30"): null&#xD;
&#xD;
2019-09-26 15:16:16 - [TEST_STEP][PASSED] - println(incidenTDate): null&#xD;
&#xD;
2019-09-26 15:16:16 - [TEST_STEP][PASSED] - sendRequest(findTestObject("uInsert Incident", ["userId":userid, "uniqueToken":uniquetoken, "incidentID":incidenTID, "incidentDate":incidenTDate, "checkInLocality":checkInLocality, ... ])): Send request successfully&#xD;
&#xD;
2019-09-26 15:16:16 - [MESSAGE][INFO] - HAR: C:\Users\rajesh.veeranna\Katalon Studio\SmartIndonasia\Reports\20190926_151529\SMARTINDONASIA_API_SmokeTest\20190926_151529\requests\main\30.har&#xD;
&#xD;
2019-09-26 15:16:16 - [MESSAGE][PASSED] - Send request successfully&#xD;
&#xD;
2019-09-26 15:16:16 - [TEST_STEP][PASSED] - responsev = sendRequestAndVerify(findTestObject("uInsert Incident", ["userId":userid, "uniqueToken":uniquetoken, "incidentID":incidenTID, "incidentDate":incidenTDate, "checkInLocality":checkInLocality, ... ])): Send request and verify the response successfully&#xD;
&#xD;
2019-09-26 15:16:16 - [MESSAGE][INFO] - HAR: C:\Users\rajesh.veeranna\Katalon Studio\SmartIndonasia\Reports\20190926_151529\SMARTINDONASIA_API_SmokeTest\20190926_151529\requests\main\31.har&#xD;
&#xD;
2019-09-26 15:16:16 - [TEST_CASE][PASSED] - Start Test Case : Verification: Verification accomplished successfully&#xD;
&#xD;
2019-09-26 15:16:17 - [TEST_STEP][PASSED] - request = getInstance().getCurrentRequest(): null&#xD;
&#xD;
2019-09-26 15:16:17 - [TEST_STEP][PASSED] - response = getInstance().getCurrentResponse(): null&#xD;
&#xD;
2019-09-26 15:16:17 - [TEST_STEP][PASSED] - verifyResponseStatusCode(response, 200): Verify response status code successfully&#xD;
&#xD;
2019-09-26 15:16:17 - [MESSAGE][PASSED] - Verify response status code successfully&#xD;
&#xD;
2019-09-26 15:16:17 - [TEST_STEP][PASSED] - getStatusCode()).isEqualTo(200): null&#xD;
&#xD;
2019-09-26 15:16:17 - [MESSAGE][PASSED] - Verify response successfully&#xD;
&#xD;
2019-09-26 15:16:17 - [MESSAGE][PASSED] - Send request and verify the response successfully&#xD;
&#xD;
2019-09-26 15:16:17 - [TEST_STEP][PASSED] - slurperv = new groovy.json.JsonSlurper(): null&#xD;
&#xD;
2019-09-26 15:16:17 - [TEST_STEP][PASSED] - resultv = slurperv.parseText(responsev.getResponseText()): null&#xD;
&#xD;
2019-09-26 15:16:17 - [TEST_STEP][PASSED] - println("***************************************"): null&#xD;
&#xD;
2019-09-26 15:16:17 - [TEST_STEP][PASSED] - println("THIS IS THE RESPONSE FROM ISERT INCIDENT TEST CASE = " + resultv): null&#xD;
&#xD;
2019-09-26 15:16:17 - [TEST_STEP][PASSED] - println("***************************************"): null</system-out>
            <system-err></system-err>
        </testcase>
        <testcase name="Test Cases/xDasboard_Test" classname="Test Cases/xDasboard_Test" status="PASSED">
            <system-out>2019-09-26 15:16:17 - [TEST_CASE][PASSED] - Test Cases/xDasboard_Test: Test Cases/xDasboard_Test&#xD;
&#xD;
2019-09-26 15:16:17 - [TEST_STEP][PASSED] - now = new java.util.Date(): null&#xD;
&#xD;
2019-09-26 15:16:17 - [TEST_STEP][PASSED] - fromDatE = now.format("dd-MM-YYYY HH:mm:ss +5:30"): null&#xD;
&#xD;
2019-09-26 15:16:17 - [TEST_STEP][PASSED] - println(fromDatE): null&#xD;
&#xD;
2019-09-26 15:16:17 - [TEST_STEP][PASSED] - toDatE = now.format("dd-MM-YYYY HH:mm:ss +5:30"): null&#xD;
&#xD;
2019-09-26 15:16:17 - [TEST_STEP][PASSED] - println(toDatE): null&#xD;
&#xD;
2019-09-26 15:16:17 - [TEST_STEP][PASSED] - sendRequest(findTestObject("xDashboard", ["uniqueToken":uniquetoken, "userId":userid, "fromDatE":fromDatE, "toDatE":toDatE])): Send request successfully&#xD;
&#xD;
2019-09-26 15:16:17 - [MESSAGE][INFO] - HAR: C:\Users\rajesh.veeranna\Katalon Studio\SmartIndonasia\Reports\20190926_151529\SMARTINDONASIA_API_SmokeTest\20190926_151529\requests\main\32.har&#xD;
&#xD;
2019-09-26 15:16:17 - [MESSAGE][PASSED] - Send request successfully&#xD;
&#xD;
2019-09-26 15:16:17 - [TEST_STEP][PASSED] - responsex = sendRequestAndVerify(findTestObject("xDashboard", ["uniqueToken":uniquetoken, "userId":userid, "fromDatE":fromDatE, "toDatE":toDatE])): Send request and verify the response successfully&#xD;
&#xD;
2019-09-26 15:16:17 - [MESSAGE][INFO] - HAR: C:\Users\rajesh.veeranna\Katalon Studio\SmartIndonasia\Reports\20190926_151529\SMARTINDONASIA_API_SmokeTest\20190926_151529\requests\main\33.har&#xD;
&#xD;
2019-09-26 15:16:17 - [TEST_CASE][PASSED] - Start Test Case : Verification: Verification accomplished successfully&#xD;
&#xD;
2019-09-26 15:16:18 - [TEST_STEP][PASSED] - request = getInstance().getCurrentRequest(): null&#xD;
&#xD;
2019-09-26 15:16:18 - [TEST_STEP][PASSED] - response = getInstance().getCurrentResponse(): null&#xD;
&#xD;
2019-09-26 15:16:18 - [TEST_STEP][PASSED] - verifyResponseStatusCode(response, 200): Verify response status code successfully&#xD;
&#xD;
2019-09-26 15:16:18 - [MESSAGE][PASSED] - Verify response status code successfully&#xD;
&#xD;
2019-09-26 15:16:18 - [TEST_STEP][PASSED] - getStatusCode()).isEqualTo(200): null&#xD;
&#xD;
2019-09-26 15:16:18 - [MESSAGE][PASSED] - Verify response successfully&#xD;
&#xD;
2019-09-26 15:16:18 - [MESSAGE][PASSED] - Send request and verify the response successfully&#xD;
&#xD;
2019-09-26 15:16:18 - [TEST_STEP][PASSED] - slurperx = new groovy.json.JsonSlurper(): null&#xD;
&#xD;
2019-09-26 15:16:18 - [TEST_STEP][PASSED] - resultx = slurperx.parseText(responsex.getResponseText()): null&#xD;
&#xD;
2019-09-26 15:16:18 - [TEST_STEP][PASSED] - println("***************************************"): null&#xD;
&#xD;
2019-09-26 15:16:18 - [TEST_STEP][PASSED] - println("THIS IS THE RESPONSE FROM DASBOARD TEST CASE = " + resultx): null&#xD;
&#xD;
2019-09-26 15:16:18 - [TEST_STEP][PASSED] - println("***************************************"): null</system-out>
            <system-err></system-err>
        </testcase>
        <testcase name="Test Cases/wDiseaseMaster_Test" classname="Test Cases/wDiseaseMaster_Test" status="PASSED">
            <system-out>2019-09-26 15:16:18 - [TEST_CASE][PASSED] - Test Cases/wDiseaseMaster_Test: Test Cases/wDiseaseMaster_Test&#xD;
&#xD;
2019-09-26 15:16:18 - [TEST_STEP][PASSED] - sendRequest(findTestObject("wDisease Master", ["uniqueToken":uniquetoken, "userId":userid, "versionTableId":versionTableId])): Send request successfully&#xD;
&#xD;
2019-09-26 15:16:18 - [MESSAGE][INFO] - HAR: C:\Users\rajesh.veeranna\Katalon Studio\SmartIndonasia\Reports\20190926_151529\SMARTINDONASIA_API_SmokeTest\20190926_151529\requests\main\34.har&#xD;
&#xD;
2019-09-26 15:16:18 - [MESSAGE][PASSED] - Send request successfully&#xD;
&#xD;
2019-09-26 15:16:18 - [TEST_STEP][PASSED] - responsew = sendRequestAndVerify(findTestObject("wDisease Master", ["uniqueToken":uniquetoken, "userId":userid, "versionTableId":versionTableId])): Send request and verify the response successfully&#xD;
&#xD;
2019-09-26 15:16:18 - [MESSAGE][INFO] - HAR: C:\Users\rajesh.veeranna\Katalon Studio\SmartIndonasia\Reports\20190926_151529\SMARTINDONASIA_API_SmokeTest\20190926_151529\requests\main\35.har&#xD;
&#xD;
2019-09-26 15:16:18 - [TEST_CASE][PASSED] - Start Test Case : Verification: Verification accomplished successfully&#xD;
&#xD;
2019-09-26 15:16:19 - [TEST_STEP][PASSED] - request = getInstance().getCurrentRequest(): null&#xD;
&#xD;
2019-09-26 15:16:19 - [TEST_STEP][PASSED] - response = getInstance().getCurrentResponse(): null&#xD;
&#xD;
2019-09-26 15:16:19 - [TEST_STEP][PASSED] - verifyResponseStatusCode(response, 200): Verify response status code successfully&#xD;
&#xD;
2019-09-26 15:16:19 - [MESSAGE][PASSED] - Verify response status code successfully&#xD;
&#xD;
2019-09-26 15:16:19 - [TEST_STEP][PASSED] - getStatusCode()).isEqualTo(200): null&#xD;
&#xD;
2019-09-26 15:16:19 - [MESSAGE][PASSED] - Verify response successfully&#xD;
&#xD;
2019-09-26 15:16:19 - [MESSAGE][PASSED] - Send request and verify the response successfully&#xD;
&#xD;
2019-09-26 15:16:19 - [TEST_STEP][PASSED] - slurperw = new groovy.json.JsonSlurper(): null&#xD;
&#xD;
2019-09-26 15:16:19 - [TEST_STEP][PASSED] - resultw = slurperw.parseText(responsew.getResponseText()): null&#xD;
&#xD;
2019-09-26 15:16:19 - [TEST_STEP][PASSED] - println("***************************************"): null&#xD;
&#xD;
2019-09-26 15:16:19 - [TEST_STEP][PASSED] - println("THIS IS THE RESPONSE FROM DISEASE MASTER  TEST CASE = " + resultw): null&#xD;
&#xD;
2019-09-26 15:16:19 - [TEST_STEP][PASSED] - println("***************************************"): null</system-out>
            <system-err></system-err>
        </testcase>
        <testcase name="Test Cases/zMobileAppVersion_Test" classname="Test Cases/zMobileAppVersion_Test" status="PASSED">
            <system-out>2019-09-26 15:16:19 - [TEST_CASE][PASSED] - Test Cases/zMobileAppVersion_Test: Test Cases/zMobileAppVersion_Test&#xD;
&#xD;
2019-09-26 15:16:19 - [TEST_STEP][PASSED] - sendRequest(findTestObject("y1Mobile App Version", ["uniqueToken":uniquetoken, "oparatingSystem":oparatingSystem, "versionNumber":versionNumber])): Send request successfully&#xD;
&#xD;
2019-09-26 15:16:19 - [MESSAGE][INFO] - HAR: C:\Users\rajesh.veeranna\Katalon Studio\SmartIndonasia\Reports\20190926_151529\SMARTINDONASIA_API_SmokeTest\20190926_151529\requests\main\36.har&#xD;
&#xD;
2019-09-26 15:16:19 - [MESSAGE][PASSED] - Send request successfully&#xD;
&#xD;
2019-09-26 15:16:19 - [TEST_STEP][PASSED] - responsez = sendRequestAndVerify(findTestObject("y1Mobile App Version", ["uniqueToken":uniquetoken, "oparatingSystem":oparatingSystem, "versionNumber":versionNumber])): Send request and verify the response successfully&#xD;
&#xD;
2019-09-26 15:16:19 - [MESSAGE][INFO] - HAR: C:\Users\rajesh.veeranna\Katalon Studio\SmartIndonasia\Reports\20190926_151529\SMARTINDONASIA_API_SmokeTest\20190926_151529\requests\main\37.har&#xD;
&#xD;
2019-09-26 15:16:19 - [TEST_CASE][PASSED] - Start Test Case : Verification: Verification accomplished successfully&#xD;
&#xD;
2019-09-26 15:16:20 - [TEST_STEP][PASSED] - request = getInstance().getCurrentRequest(): null&#xD;
&#xD;
2019-09-26 15:16:20 - [TEST_STEP][PASSED] - response = getInstance().getCurrentResponse(): null&#xD;
&#xD;
2019-09-26 15:16:20 - [TEST_STEP][PASSED] - verifyResponseStatusCode(response, 200): Verify response status code successfully&#xD;
&#xD;
2019-09-26 15:16:20 - [MESSAGE][PASSED] - Verify response status code successfully&#xD;
&#xD;
2019-09-26 15:16:20 - [TEST_STEP][PASSED] - getStatusCode()).isEqualTo(200): null&#xD;
&#xD;
2019-09-26 15:16:20 - [MESSAGE][PASSED] - Verify response successfully&#xD;
&#xD;
2019-09-26 15:16:20 - [MESSAGE][PASSED] - Send request and verify the response successfully&#xD;
&#xD;
2019-09-26 15:16:20 - [TEST_STEP][PASSED] - slurperz = new groovy.json.JsonSlurper(): null&#xD;
&#xD;
2019-09-26 15:16:20 - [TEST_STEP][PASSED] - resultz = slurperz.parseText(responsez.getResponseText()): null&#xD;
&#xD;
2019-09-26 15:16:20 - [TEST_STEP][PASSED] - println("***************************************"): null&#xD;
&#xD;
2019-09-26 15:16:20 - [TEST_STEP][PASSED] - println("THIS IS THE RESPONSE FROM MOBILE APP VERSION TEST CASE = " + resultz): null&#xD;
&#xD;
2019-09-26 15:16:20 - [TEST_STEP][PASSED] - println("***************************************"): null&#xD;
&#xD;
2019-09-26 15:16:20 - [TEST_STEP][PASSED] - CtID = toString().toUpperCase(): null&#xD;
&#xD;
2019-09-26 15:16:20 - [TEST_STEP][PASSED] - f = new java.io.File(D:\SmartDoxApiResponse\CtID.txt): null&#xD;
&#xD;
2019-09-26 15:16:20 - [TEST_STEP][PASSED] - f.write(CtID): null&#xD;
&#xD;
2019-09-26 15:16:20 - [TEST_STEP][PASSED] - now = new java.util.Date(): null&#xD;
&#xD;
2019-09-26 15:16:20 - [TEST_STEP][PASSED] - CreatedDate = now.format("dd-MM-YYYY HH:mm:ss +5:30"): null&#xD;
&#xD;
2019-09-26 15:16:20 - [TEST_STEP][PASSED] - f = new java.io.File(D:\SmartDoxApiResponse\CreatedDate.txt): null&#xD;
&#xD;
2019-09-26 15:16:20 - [TEST_STEP][PASSED] - f.write(CreatedDate): null&#xD;
&#xD;
2019-09-26 15:16:20 - [TEST_STEP][PASSED] - now1 = new java.util.Date(): null&#xD;
&#xD;
2019-09-26 15:16:20 - [TEST_STEP][PASSED] - SubmitedDate = now1.format("dd-MM-YYYY HH:mm:ss +5:30"): null&#xD;
&#xD;
2019-09-26 15:16:20 - [TEST_STEP][PASSED] - f = new java.io.File(D:\SmartDoxApiResponse\SubmitedDate.txt): null&#xD;
&#xD;
2019-09-26 15:16:20 - [TEST_STEP][PASSED] - f.write(SubmitedDate): null</system-out>
            <system-err></system-err>
        </testcase>
        <testcase name="Test Cases/zActivityCategory_Test" classname="Test Cases/zActivityCategory_Test" status="PASSED">
            <system-out>2019-09-26 15:16:20 - [TEST_CASE][PASSED] - Test Cases/zActivityCategory_Test: Test Cases/zActivityCategory_Test&#xD;
&#xD;
2019-09-26 15:16:20 - [TEST_STEP][PASSED] - sendRequest(findTestObject("y2Activity Category", ["versiontableID":versiontableID, "userId":userid, "uniqueToken":uniquetoken])): Send request successfully&#xD;
&#xD;
2019-09-26 15:16:21 - [MESSAGE][INFO] - HAR: C:\Users\rajesh.veeranna\Katalon Studio\SmartIndonasia\Reports\20190926_151529\SMARTINDONASIA_API_SmokeTest\20190926_151529\requests\main\38.har&#xD;
&#xD;
2019-09-26 15:16:21 - [MESSAGE][PASSED] - Send request successfully&#xD;
&#xD;
2019-09-26 15:16:21 - [TEST_STEP][PASSED] - responsez1 = sendRequestAndVerify(findTestObject("y2Activity Category", ["versiontableID":versiontableID, "userId":userid, "uniqueToken":uniquetoken])): Send request and verify the response successfully&#xD;
&#xD;
2019-09-26 15:16:21 - [MESSAGE][INFO] - HAR: C:\Users\rajesh.veeranna\Katalon Studio\SmartIndonasia\Reports\20190926_151529\SMARTINDONASIA_API_SmokeTest\20190926_151529\requests\main\39.har&#xD;
&#xD;
2019-09-26 15:16:21 - [TEST_CASE][PASSED] - Start Test Case : Verification: Verification accomplished successfully&#xD;
&#xD;
2019-09-26 15:16:21 - [TEST_STEP][PASSED] - request = getInstance().getCurrentRequest(): null&#xD;
&#xD;
2019-09-26 15:16:21 - [TEST_STEP][PASSED] - response = getInstance().getCurrentResponse(): null&#xD;
&#xD;
2019-09-26 15:16:21 - [TEST_STEP][PASSED] - verifyResponseStatusCode(response, 200): Verify response status code successfully&#xD;
&#xD;
2019-09-26 15:16:21 - [MESSAGE][PASSED] - Verify response status code successfully&#xD;
&#xD;
2019-09-26 15:16:21 - [TEST_STEP][PASSED] - getStatusCode()).isEqualTo(200): null&#xD;
&#xD;
2019-09-26 15:16:21 - [MESSAGE][PASSED] - Verify response successfully&#xD;
&#xD;
2019-09-26 15:16:21 - [MESSAGE][PASSED] - Send request and verify the response successfully&#xD;
&#xD;
2019-09-26 15:16:21 - [TEST_STEP][PASSED] - slurperz1 = new groovy.json.JsonSlurper(): null&#xD;
&#xD;
2019-09-26 15:16:21 - [TEST_STEP][PASSED] - resultz1 = slurperz1.parseText(responsez1.getResponseText()): null&#xD;
&#xD;
2019-09-26 15:16:21 - [TEST_STEP][PASSED] - println("***************************************"): null&#xD;
&#xD;
2019-09-26 15:16:21 - [TEST_STEP][PASSED] - println("THIS IS THE RESPONSE FROM ACTIVITY CATEGORY TEST CASE = " + resultz1): null&#xD;
&#xD;
2019-09-26 15:16:21 - [TEST_STEP][PASSED] - println("***************************************"): null</system-out>
            <system-err></system-err>
        </testcase>
        <testcase name="Test Cases/z1SupervisiorTeamStatus_Test" classname="Test Cases/z1SupervisiorTeamStatus_Test" status="PASSED">
            <system-out>2019-09-26 15:16:21 - [TEST_CASE][PASSED] - Test Cases/z1SupervisiorTeamStatus_Test: Test Cases/z1SupervisiorTeamStatus_Test&#xD;
&#xD;
2019-09-26 15:16:21 - [TEST_STEP][PASSED] - dte = new java.util.Date(): null&#xD;
&#xD;
2019-09-26 15:16:21 - [TEST_STEP][PASSED] - fromDatE = dte.format("dd-MM-YYYY HH:mm:ss +5:30"): null&#xD;
&#xD;
2019-09-26 15:16:21 - [TEST_STEP][PASSED] - println(fromDatE): null&#xD;
&#xD;
2019-09-26 15:16:21 - [TEST_STEP][PASSED] - bte = new java.util.Date(): null&#xD;
&#xD;
2019-09-26 15:16:21 - [TEST_STEP][PASSED] - toDatE = bte.format("dd-MM-YYYY HH:mm:ss +5:30"): null&#xD;
&#xD;
2019-09-26 15:16:21 - [TEST_STEP][PASSED] - println(toDatE): null&#xD;
&#xD;
2019-09-26 15:16:21 - [TEST_STEP][PASSED] - sendRequest(findTestObject("ySupervisior Team Status", ["uniqueToken":uniquetoken, "userId":userid, "fromDatE":fromDatE, "toDatE":toDatE])): Send request successfully&#xD;
&#xD;
2019-09-26 15:16:22 - [MESSAGE][INFO] - HAR: C:\Users\rajesh.veeranna\Katalon Studio\SmartIndonasia\Reports\20190926_151529\SMARTINDONASIA_API_SmokeTest\20190926_151529\requests\main\40.har&#xD;
&#xD;
2019-09-26 15:16:22 - [MESSAGE][PASSED] - Send request successfully&#xD;
&#xD;
2019-09-26 15:16:22 - [TEST_STEP][PASSED] - responsez1 = sendRequestAndVerify(findTestObject("ySupervisior Team Status", ["uniqueToken":uniquetoken, "userId":userid, "fromDatE":fromDatE, "toDatE":toDatE])): Send request and verify the response successfully&#xD;
&#xD;
2019-09-26 15:16:22 - [MESSAGE][INFO] - HAR: C:\Users\rajesh.veeranna\Katalon Studio\SmartIndonasia\Reports\20190926_151529\SMARTINDONASIA_API_SmokeTest\20190926_151529\requests\main\41.har&#xD;
&#xD;
2019-09-26 15:16:22 - [TEST_CASE][PASSED] - Start Test Case : Verification: Verification accomplished successfully&#xD;
&#xD;
2019-09-26 15:16:22 - [TEST_STEP][PASSED] - request = getInstance().getCurrentRequest(): null&#xD;
&#xD;
2019-09-26 15:16:22 - [TEST_STEP][PASSED] - response = getInstance().getCurrentResponse(): null&#xD;
&#xD;
2019-09-26 15:16:22 - [TEST_STEP][PASSED] - verifyResponseStatusCode(response, 200): Verify response status code successfully&#xD;
&#xD;
2019-09-26 15:16:22 - [MESSAGE][PASSED] - Verify response status code successfully&#xD;
&#xD;
2019-09-26 15:16:22 - [TEST_STEP][PASSED] - getStatusCode()).isEqualTo(200): null&#xD;
&#xD;
2019-09-26 15:16:22 - [MESSAGE][PASSED] - Verify response successfully&#xD;
&#xD;
2019-09-26 15:16:22 - [MESSAGE][PASSED] - Send request and verify the response successfully&#xD;
&#xD;
2019-09-26 15:16:22 - [TEST_STEP][PASSED] - slurperz1 = new groovy.json.JsonSlurper(): null&#xD;
&#xD;
2019-09-26 15:16:22 - [TEST_STEP][PASSED] - resultz1 = slurperz1.parseText(responsez1.getResponseText()): null&#xD;
&#xD;
2019-09-26 15:16:22 - [TEST_STEP][PASSED] - println("***************************************"): null&#xD;
&#xD;
2019-09-26 15:16:22 - [TEST_STEP][PASSED] - println("THIS IS THE RESPONSE FROM SUPERVISIOR TEAM STATUS TEST CASE = " + resultz1): null&#xD;
&#xD;
2019-09-26 15:16:22 - [TEST_STEP][PASSED] - println("***************************************"): null</system-out>
            <system-err></system-err>
        </testcase>
        <testcase name="Test Cases/z2Supervisior Users" classname="Test Cases/z2Supervisior Users" status="ERROR">
            <error type="ERROR" message="Test Cases/z2Supervisior Users FAILED.&#xA;Reason:&#xA;org.codehaus.groovy.control.MultipleCompilationErrorsException: startup failed:&#xD;&#xA;file:/C:/Users/rajesh.veeranna/Katalon%20Studio/SmartIndonasia/Scripts/z2Supervisior%20Users/Script1569252504567.groovy: 54: The current scope already contains a variable of the name now&#xA; @ line 54, column 5.&#xD;&#xA;   def now = new Date()&#xD;&#xA;       ^&#xD;&#xA;&#xD;&#xA;1 error&#xD;&#xA;&#xD;&#xA;&#x9;at com.kms.katalon.core.main.ScriptEngine.getScript(ScriptEngine.java:199)&#xD;&#xA;&#x9;at com.kms.katalon.core.main.ScriptEngine.run(ScriptEngine.java:194)&#xD;&#xA;&#x9;at com.kms.katalon.core.main.ScriptEngine.runScriptAsRawText(ScriptEngine.java:119)&#xD;&#xA;&#x9;at com.kms.katalon.core.main.TestCaseExecutor.runScript(TestCaseExecutor.java:337)&#xD;&#xA;&#x9;at com.kms.katalon.core.main.TestCaseExecutor.doExecute(TestCaseExecutor.java:328)&#xD;&#xA;&#x9;at com.kms.katalon.core.main.TestCaseExecutor.processExecutionPhase(TestCaseExecutor.java:307)&#xD;&#xA;&#x9;at com.kms.katalon.core.main.TestCaseExecutor.accessMainPhase(TestCaseExecutor.java:299)&#xD;&#xA;&#x9;at com.kms.katalon.core.main.TestCaseExecutor.execute(TestCaseExecutor.java:233)&#xD;&#xA;&#x9;at com.kms.katalon.core.main.TestSuiteExecutor.accessTestCaseMainPhase(TestSuiteExecutor.java:169)&#xD;&#xA;&#x9;at com.kms.katalon.core.main.TestSuiteExecutor.accessTestSuiteMainPhase(TestSuiteExecutor.java:142)&#xD;&#xA;&#x9;at com.kms.katalon.core.main.TestSuiteExecutor.execute(TestSuiteExecutor.java:91)&#xD;&#xA;&#x9;at com.kms.katalon.core.main.TestCaseMain.startTestSuite(TestCaseMain.java:157)&#xD;&#xA;&#x9;at com.kms.katalon.core.main.TestCaseMain$startTestSuite$0.call(Unknown Source)&#xD;&#xA;&#x9;at TempTestSuite1569491129117.run(TempTestSuite1569491129117.groovy:35)&#xD;&#xA;"/>
            <system-out>2019-09-26 15:16:22 - [TEST_CASE][ERROR] - Test Cases/z2Supervisior Users: Test Cases/z2Supervisior Users FAILED.
Reason:
org.codehaus.groovy.control.MultipleCompilationErrorsException: startup failed:&#xD;
file:/C:/Users/rajesh.veeranna/Katalon%20Studio/SmartIndonasia/Scripts/z2Supervisior%20Users/Script1569252504567.groovy: 54: The current scope already contains a variable of the name now
 @ line 54, column 5.&#xD;
   def now = new Date()&#xD;
       ^&#xD;
&#xD;
1 error&#xD;
&#xD;
	at com.kms.katalon.core.main.ScriptEngine.getScript(ScriptEngine.java:199)&#xD;
	at com.kms.katalon.core.main.ScriptEngine.run(ScriptEngine.java:194)&#xD;
	at com.kms.katalon.core.main.ScriptEngine.runScriptAsRawText(ScriptEngine.java:119)&#xD;
	at com.kms.katalon.core.main.TestCaseExecutor.runScript(TestCaseExecutor.java:337)&#xD;
	at com.kms.katalon.core.main.TestCaseExecutor.doExecute(TestCaseExecutor.java:328)&#xD;
	at com.kms.katalon.core.main.TestCaseExecutor.processExecutionPhase(TestCaseExecutor.java:307)&#xD;
	at com.kms.katalon.core.main.TestCaseExecutor.accessMainPhase(TestCaseExecutor.java:299)&#xD;
	at com.kms.katalon.core.main.TestCaseExecutor.execute(TestCaseExecutor.java:233)&#xD;
	at com.kms.katalon.core.main.TestSuiteExecutor.accessTestCaseMainPhase(TestSuiteExecutor.java:169)&#xD;
	at com.kms.katalon.core.main.TestSuiteExecutor.accessTestSuiteMainPhase(TestSuiteExecutor.java:142)&#xD;
	at com.kms.katalon.core.main.TestSuiteExecutor.execute(TestSuiteExecutor.java:91)&#xD;
	at com.kms.katalon.core.main.TestCaseMain.startTestSuite(TestCaseMain.java:157)&#xD;
	at com.kms.katalon.core.main.TestCaseMain$startTestSuite$0.call(Unknown Source)&#xD;
	at TempTestSuite1569491129117.run(TempTestSuite1569491129117.groovy:35)</system-out>
            <system-err>2019-09-26 15:16:22 - [TEST_CASE][ERROR] - Test Cases/z2Supervisior Users: Test Cases/z2Supervisior Users FAILED.
Reason:
org.codehaus.groovy.control.MultipleCompilationErrorsException: startup failed:&#xD;
file:/C:/Users/rajesh.veeranna/Katalon%20Studio/SmartIndonasia/Scripts/z2Supervisior%20Users/Script1569252504567.groovy: 54: The current scope already contains a variable of the name now
 @ line 54, column 5.&#xD;
   def now = new Date()&#xD;
       ^&#xD;
&#xD;
1 error&#xD;
&#xD;
	at com.kms.katalon.core.main.ScriptEngine.getScript(ScriptEngine.java:199)&#xD;
	at com.kms.katalon.core.main.ScriptEngine.run(ScriptEngine.java:194)&#xD;
	at com.kms.katalon.core.main.ScriptEngine.runScriptAsRawText(ScriptEngine.java:119)&#xD;
	at com.kms.katalon.core.main.TestCaseExecutor.runScript(TestCaseExecutor.java:337)&#xD;
	at com.kms.katalon.core.main.TestCaseExecutor.doExecute(TestCaseExecutor.java:328)&#xD;
	at com.kms.katalon.core.main.TestCaseExecutor.processExecutionPhase(TestCaseExecutor.java:307)&#xD;
	at com.kms.katalon.core.main.TestCaseExecutor.accessMainPhase(TestCaseExecutor.java:299)&#xD;
	at com.kms.katalon.core.main.TestCaseExecutor.execute(TestCaseExecutor.java:233)&#xD;
	at com.kms.katalon.core.main.TestSuiteExecutor.accessTestCaseMainPhase(TestSuiteExecutor.java:169)&#xD;
	at com.kms.katalon.core.main.TestSuiteExecutor.accessTestSuiteMainPhase(TestSuiteExecutor.java:142)&#xD;
	at com.kms.katalon.core.main.TestSuiteExecutor.execute(TestSuiteExecutor.java:91)&#xD;
	at com.kms.katalon.core.main.TestCaseMain.startTestSuite(TestCaseMain.java:157)&#xD;
	at com.kms.katalon.core.main.TestCaseMain$startTestSuite$0.call(Unknown Source)&#xD;
	at TempTestSuite1569491129117.run(TempTestSuite1569491129117.groovy:35)</system-err>
        </testcase>
        <testcase name="Test Cases/x1TargetBreakDown_Test" classname="Test Cases/x1TargetBreakDown_Test" status="PASSED">
            <system-out>2019-09-26 15:16:23 - [TEST_CASE][PASSED] - Test Cases/x1TargetBreakDown_Test: Test Cases/x1TargetBreakDown_Test&#xD;
&#xD;
2019-09-26 15:16:23 - [TEST_STEP][PASSED] - now = new java.util.Date(): null&#xD;
&#xD;
2019-09-26 15:16:23 - [TEST_STEP][PASSED] - fromDatE = now.format("dd-MM-YYYY HH:mm:ss +5:30"): null&#xD;
&#xD;
2019-09-26 15:16:23 - [TEST_STEP][PASSED] - println(fromDatE): null&#xD;
&#xD;
2019-09-26 15:16:24 - [TEST_STEP][PASSED] - toDatE = now.format("dd-MM-YYYY HH:mm:ss +5:30"): null&#xD;
&#xD;
2019-09-26 15:16:24 - [TEST_STEP][PASSED] - println(toDatE): null&#xD;
&#xD;
2019-09-26 15:16:24 - [TEST_STEP][PASSED] - sendRequest(findTestObject("x1Target Break Down", ["uniqueToken":uniquetoken, "userId":userid, "fromDatE":fromDatE, "toDatE":toDatE])): Send request successfully&#xD;
&#xD;
2019-09-26 15:16:24 - [MESSAGE][INFO] - HAR: C:\Users\rajesh.veeranna\Katalon Studio\SmartIndonasia\Reports\20190926_151529\SMARTINDONASIA_API_SmokeTest\20190926_151529\requests\main\42.har&#xD;
&#xD;
2019-09-26 15:16:24 - [MESSAGE][PASSED] - Send request successfully&#xD;
&#xD;
2019-09-26 15:16:24 - [TEST_STEP][PASSED] - responsex1 = sendRequestAndVerify(findTestObject("x1Target Break Down", ["uniqueToken":uniquetoken, "userId":userid, "fromDatE":fromDatE, "toDatE":toDatE])): Send request and verify the response successfully&#xD;
&#xD;
2019-09-26 15:16:24 - [MESSAGE][INFO] - HAR: C:\Users\rajesh.veeranna\Katalon Studio\SmartIndonasia\Reports\20190926_151529\SMARTINDONASIA_API_SmokeTest\20190926_151529\requests\main\43.har&#xD;
&#xD;
2019-09-26 15:16:24 - [TEST_CASE][PASSED] - Start Test Case : Verification: Verification accomplished successfully&#xD;
&#xD;
2019-09-26 15:16:24 - [TEST_STEP][PASSED] - request = getInstance().getCurrentRequest(): null&#xD;
&#xD;
2019-09-26 15:16:25 - [TEST_STEP][PASSED] - response = getInstance().getCurrentResponse(): null&#xD;
&#xD;
2019-09-26 15:16:25 - [TEST_STEP][PASSED] - verifyResponseStatusCode(response, 200): Verify response status code successfully&#xD;
&#xD;
2019-09-26 15:16:25 - [MESSAGE][PASSED] - Verify response status code successfully&#xD;
&#xD;
2019-09-26 15:16:25 - [TEST_STEP][PASSED] - getStatusCode()).isEqualTo(200): null&#xD;
&#xD;
2019-09-26 15:16:25 - [MESSAGE][PASSED] - Verify response successfully&#xD;
&#xD;
2019-09-26 15:16:25 - [MESSAGE][PASSED] - Send request and verify the response successfully&#xD;
&#xD;
2019-09-26 15:16:25 - [TEST_STEP][PASSED] - slurperx1 = new groovy.json.JsonSlurper(): null&#xD;
&#xD;
2019-09-26 15:16:25 - [TEST_STEP][PASSED] - resultx1 = slurperx1.parseText(responsex1.getResponseText()): null&#xD;
&#xD;
2019-09-26 15:16:25 - [TEST_STEP][PASSED] - println("***************************************"): null&#xD;
&#xD;
2019-09-26 15:16:25 - [TEST_STEP][PASSED] - println("THIS IS THE RESPONSE FROM TARGET BREAKDOWN TEST CASE = " + resultx1): null&#xD;
&#xD;
2019-09-26 15:16:25 - [TEST_STEP][PASSED] - println("***************************************"): null</system-out>
            <system-err></system-err>
        </testcase>
        <system-out>2019-09-26 15:15:32 - [TEST_SUITE][INCOMPLETE] - SMARTINDONASIA_API_SmokeTest: null</system-out>
        <system-err>2019-09-26 15:15:32 - [TEST_SUITE][INCOMPLETE] - SMARTINDONASIA_API_SmokeTest: null</system-err>
    </testsuite>
</testsuites>
